[2024-12-08 22:42:15] local.ERROR: Vite manifest not found at: D:\TUGAS\SEMESTER 3\PENGEMBANGAN APLIKASI WEB\Modul 15\modul-15\public\build/manifest.json {"view":{"view":"D:\\TUGAS\\SEMESTER 3\\PENGEMBANGAN APLIKASI WEB\\Modul 15\\modul-15\\resources\\views\\layouts\\app.blade.php","data":{"errors":"<pre class=sf-dump id=sf-dump-439281547 data-indent-pad=\"  \"><span class=sf-dump-note>Illuminate\\Support\\ViewErrorBag</span> {<a class=sf-dump-ref>#300</a><samp data-depth=1 class=sf-dump-expanded>
  #<span class=sf-dump-protected title=\"Protected property\">bags</span>: []
</samp>}
</pre><script>Sfdump(\"sf-dump-439281547\", {\"maxDepth\":3,\"maxStringLength\":160})</script>
"}},"exception":"[object] (Spatie\\LaravelIgnition\\Exceptions\\ViewException(code: 0): Vite manifest not found at: D:\\TUGAS\\SEMESTER 3\\PENGEMBANGAN APLIKASI WEB\\Modul 15\\modul-15\\public\\build/manifest.json at D:\\TUGAS\\SEMESTER 3\\PENGEMBANGAN APLIKASI WEB\\Modul 15\\modul-15\\vendor\\laravel\\framework\\src\\Illuminate\\Foundation\\Vite.php:728)
[stacktrace]
#0 D:\\TUGAS\\SEMESTER 3\\PENGEMBANGAN APLIKASI WEB\\Modul 15\\modul-15\\vendor\\laravel\\framework\\src\\Illuminate\\Foundation\\Vite.php(293): Illuminate\\Foundation\\Vite->manifest('build')
#1 D:\\TUGAS\\SEMESTER 3\\PENGEMBANGAN APLIKASI WEB\\Modul 15\\modul-15\\resources\\views\\layouts\\app.blade.php(17): Illuminate\\Foundation\\Vite->__invoke(Object(Illuminate\\Support\\Collection))
#2 D:\\TUGAS\\SEMESTER 3\\PENGEMBANGAN APLIKASI WEB\\Modul 15\\modul-15\\vendor\\laravel\\framework\\src\\Illuminate\\Filesystem\\Filesystem.php(123): require('D:\\\\TUGAS\\\\SEMEST...')
#3 D:\\TUGAS\\SEMESTER 3\\PENGEMBANGAN APLIKASI WEB\\Modul 15\\modul-15\\vendor\\laravel\\framework\\src\\Illuminate\\Filesystem\\Filesystem.php(124): Illuminate\\Filesystem\\Filesystem::Illuminate\\Filesystem\\{closure}()
#4 D:\\TUGAS\\SEMESTER 3\\PENGEMBANGAN APLIKASI WEB\\Modul 15\\modul-15\\vendor\\laravel\\framework\\src\\Illuminate\\View\\Engines\\PhpEngine.php(58): Illuminate\\Filesystem\\Filesystem->getRequire('D:\\\\TUGAS\\\\SEMEST...', Array)
#5 D:\\TUGAS\\SEMESTER 3\\PENGEMBANGAN APLIKASI WEB\\Modul 15\\modul-15\\vendor\\laravel\\framework\\src\\Illuminate\\View\\Engines\\CompilerEngine.php(72): Illuminate\\View\\Engines\\PhpEngine->evaluatePath('D:\\\\TUGAS\\\\SEMEST...', Array)
#6 D:\\TUGAS\\SEMESTER 3\\PENGEMBANGAN APLIKASI WEB\\Modul 15\\modul-15\\vendor\\laravel\\framework\\src\\Illuminate\\View\\View.php(207): Illuminate\\View\\Engines\\CompilerEngine->get('D:\\\\TUGAS\\\\SEMEST...', Array)
#7 D:\\TUGAS\\SEMESTER 3\\PENGEMBANGAN APLIKASI WEB\\Modul 15\\modul-15\\vendor\\laravel\\framework\\src\\Illuminate\\View\\View.php(190): Illuminate\\View\\View->getContents()
#8 D:\\TUGAS\\SEMESTER 3\\PENGEMBANGAN APLIKASI WEB\\Modul 15\\modul-15\\vendor\\laravel\\framework\\src\\Illuminate\\View\\View.php(159): Illuminate\\View\\View->renderContents()
#9 D:\\TUGAS\\SEMESTER 3\\PENGEMBANGAN APLIKASI WEB\\Modul 15\\modul-15\\resources\\views\\auth\\login.blade.php(73): Illuminate\\View\\View->render()
#10 D:\\TUGAS\\SEMESTER 3\\PENGEMBANGAN APLIKASI WEB\\Modul 15\\modul-15\\vendor\\laravel\\framework\\src\\Illuminate\\Filesystem\\Filesystem.php(123): require('D:\\\\TUGAS\\\\SEMEST...')
#11 D:\\TUGAS\\SEMESTER 3\\PENGEMBANGAN APLIKASI WEB\\Modul 15\\modul-15\\vendor\\laravel\\framework\\src\\Illuminate\\Filesystem\\Filesystem.php(124): Illuminate\\Filesystem\\Filesystem::Illuminate\\Filesystem\\{closure}()
#12 D:\\TUGAS\\SEMESTER 3\\PENGEMBANGAN APLIKASI WEB\\Modul 15\\modul-15\\vendor\\laravel\\framework\\src\\Illuminate\\View\\Engines\\PhpEngine.php(58): Illuminate\\Filesystem\\Filesystem->getRequire('D:\\\\TUGAS\\\\SEMEST...', Array)
#13 D:\\TUGAS\\SEMESTER 3\\PENGEMBANGAN APLIKASI WEB\\Modul 15\\modul-15\\vendor\\laravel\\framework\\src\\Illuminate\\View\\Engines\\CompilerEngine.php(72): Illuminate\\View\\Engines\\PhpEngine->evaluatePath('D:\\\\TUGAS\\\\SEMEST...', Array)
#14 D:\\TUGAS\\SEMESTER 3\\PENGEMBANGAN APLIKASI WEB\\Modul 15\\modul-15\\vendor\\laravel\\framework\\src\\Illuminate\\View\\View.php(207): Illuminate\\View\\Engines\\CompilerEngine->get('D:\\\\TUGAS\\\\SEMEST...', Array)
#15 D:\\TUGAS\\SEMESTER 3\\PENGEMBANGAN APLIKASI WEB\\Modul 15\\modul-15\\vendor\\laravel\\framework\\src\\Illuminate\\View\\View.php(190): Illuminate\\View\\View->getContents()
#16 D:\\TUGAS\\SEMESTER 3\\PENGEMBANGAN APLIKASI WEB\\Modul 15\\modul-15\\vendor\\laravel\\framework\\src\\Illuminate\\View\\View.php(159): Illuminate\\View\\View->renderContents()
#17 D:\\TUGAS\\SEMESTER 3\\PENGEMBANGAN APLIKASI WEB\\Modul 15\\modul-15\\vendor\\laravel\\framework\\src\\Illuminate\\Http\\Response.php(69): Illuminate\\View\\View->render()
#18 D:\\TUGAS\\SEMESTER 3\\PENGEMBANGAN APLIKASI WEB\\Modul 15\\modul-15\\vendor\\laravel\\framework\\src\\Illuminate\\Http\\Response.php(35): Illuminate\\Http\\Response->setContent(Object(Illuminate\\View\\View))
#19 D:\\TUGAS\\SEMESTER 3\\PENGEMBANGAN APLIKASI WEB\\Modul 15\\modul-15\\vendor\\laravel\\framework\\src\\Illuminate\\Routing\\Router.php(918): Illuminate\\Http\\Response->__construct(Object(Illuminate\\View\\View), 200, Array)
#20 D:\\TUGAS\\SEMESTER 3\\PENGEMBANGAN APLIKASI WEB\\Modul 15\\modul-15\\vendor\\laravel\\framework\\src\\Illuminate\\Routing\\Router.php(885): Illuminate\\Routing\\Router::toResponse(Object(Illuminate\\Http\\Request), Object(Illuminate\\View\\View))
#21 D:\\TUGAS\\SEMESTER 3\\PENGEMBANGAN APLIKASI WEB\\Modul 15\\modul-15\\vendor\\laravel\\framework\\src\\Illuminate\\Routing\\Router.php(805): Illuminate\\Routing\\Router->prepareResponse(Object(Illuminate\\Http\\Request), Object(Illuminate\\View\\View))
#22 D:\\TUGAS\\SEMESTER 3\\PENGEMBANGAN APLIKASI WEB\\Modul 15\\modul-15\\vendor\\laravel\\framework\\src\\Illuminate\\Pipeline\\Pipeline.php(144): Illuminate\\Routing\\Router->Illuminate\\Routing\\{closure}(Object(Illuminate\\Http\\Request))
#23 D:\\TUGAS\\SEMESTER 3\\PENGEMBANGAN APLIKASI WEB\\Modul 15\\modul-15\\app\\Http\\Middleware\\RedirectIfAuthenticated.php(28): Illuminate\\Pipeline\\Pipeline->Illuminate\\Pipeline\\{closure}(Object(Illuminate\\Http\\Request))
#24 D:\\TUGAS\\SEMESTER 3\\PENGEMBANGAN APLIKASI WEB\\Modul 15\\modul-15\\vendor\\laravel\\framework\\src\\Illuminate\\Pipeline\\Pipeline.php(183): App\\Http\\Middleware\\RedirectIfAuthenticated->handle(Object(Illuminate\\Http\\Request), Object(Closure))
#25 D:\\TUGAS\\SEMESTER 3\\PENGEMBANGAN APLIKASI WEB\\Modul 15\\modul-15\\vendor\\laravel\\framework\\src\\Illuminate\\Routing\\Middleware\\SubstituteBindings.php(50): Illuminate\\Pipeline\\Pipeline->Illuminate\\Pipeline\\{closure}(Object(Illuminate\\Http\\Request))
#26 D:\\TUGAS\\SEMESTER 3\\PENGEMBANGAN APLIKASI WEB\\Modul 15\\modul-15\\vendor\\laravel\\framework\\src\\Illuminate\\Pipeline\\Pipeline.php(183): Illuminate\\Routing\\Middleware\\SubstituteBindings->handle(Object(Illuminate\\Http\\Request), Object(Closure))
#27 D:\\TUGAS\\SEMESTER 3\\PENGEMBANGAN APLIKASI WEB\\Modul 15\\modul-15\\vendor\\laravel\\framework\\src\\Illuminate\\Foundation\\Http\\Middleware\\VerifyCsrfToken.php(78): Illuminate\\Pipeline\\Pipeline->Illuminate\\Pipeline\\{closure}(Object(Illuminate\\Http\\Request))
#28 D:\\TUGAS\\SEMESTER 3\\PENGEMBANGAN APLIKASI WEB\\Modul 15\\modul-15\\vendor\\laravel\\framework\\src\\Illuminate\\Pipeline\\Pipeline.php(183): Illuminate\\Foundation\\Http\\Middleware\\VerifyCsrfToken->handle(Object(Illuminate\\Http\\Request), Object(Closure))
#29 D:\\TUGAS\\SEMESTER 3\\PENGEMBANGAN APLIKASI WEB\\Modul 15\\modul-15\\vendor\\laravel\\framework\\src\\Illuminate\\View\\Middleware\\ShareErrorsFromSession.php(49): Illuminate\\Pipeline\\Pipeline->Illuminate\\Pipeline\\{closure}(Object(Illuminate\\Http\\Request))
#30 D:\\TUGAS\\SEMESTER 3\\PENGEMBANGAN APLIKASI WEB\\Modul 15\\modul-15\\vendor\\laravel\\framework\\src\\Illuminate\\Pipeline\\Pipeline.php(183): Illuminate\\View\\Middleware\\ShareErrorsFromSession->handle(Object(Illuminate\\Http\\Request), Object(Closure))
#31 D:\\TUGAS\\SEMESTER 3\\PENGEMBANGAN APLIKASI WEB\\Modul 15\\modul-15\\vendor\\laravel\\framework\\src\\Illuminate\\Session\\Middleware\\StartSession.php(121): Illuminate\\Pipeline\\Pipeline->Illuminate\\Pipeline\\{closure}(Object(Illuminate\\Http\\Request))
#32 D:\\TUGAS\\SEMESTER 3\\PENGEMBANGAN APLIKASI WEB\\Modul 15\\modul-15\\vendor\\laravel\\framework\\src\\Illuminate\\Session\\Middleware\\StartSession.php(64): Illuminate\\Session\\Middleware\\StartSession->handleStatefulRequest(Object(Illuminate\\Http\\Request), Object(Illuminate\\Session\\Store), Object(Closure))
#33 D:\\TUGAS\\SEMESTER 3\\PENGEMBANGAN APLIKASI WEB\\Modul 15\\modul-15\\vendor\\laravel\\framework\\src\\Illuminate\\Pipeline\\Pipeline.php(183): Illuminate\\Session\\Middleware\\StartSession->handle(Object(Illuminate\\Http\\Request), Object(Closure))
#34 D:\\TUGAS\\SEMESTER 3\\PENGEMBANGAN APLIKASI WEB\\Modul 15\\modul-15\\vendor\\laravel\\framework\\src\\Illuminate\\Cookie\\Middleware\\AddQueuedCookiesToResponse.php(37): Illuminate\\Pipeline\\Pipeline->Illuminate\\Pipeline\\{closure}(Object(Illuminate\\Http\\Request))
#35 D:\\TUGAS\\SEMESTER 3\\PENGEMBANGAN APLIKASI WEB\\Modul 15\\modul-15\\vendor\\laravel\\framework\\src\\Illuminate\\Pipeline\\Pipeline.php(183): Illuminate\\Cookie\\Middleware\\AddQueuedCookiesToResponse->handle(Object(Illuminate\\Http\\Request), Object(Closure))
#36 D:\\TUGAS\\SEMESTER 3\\PENGEMBANGAN APLIKASI WEB\\Modul 15\\modul-15\\vendor\\laravel\\framework\\src\\Illuminate\\Cookie\\Middleware\\EncryptCookies.php(67): Illuminate\\Pipeline\\Pipeline->Illuminate\\Pipeline\\{closure}(Object(Illuminate\\Http\\Request))
#37 D:\\TUGAS\\SEMESTER 3\\PENGEMBANGAN APLIKASI WEB\\Modul 15\\modul-15\\vendor\\laravel\\framework\\src\\Illuminate\\Pipeline\\Pipeline.php(183): Illuminate\\Cookie\\Middleware\\EncryptCookies->handle(Object(Illuminate\\Http\\Request), Object(Closure))
#38 D:\\TUGAS\\SEMESTER 3\\PENGEMBANGAN APLIKASI WEB\\Modul 15\\modul-15\\vendor\\laravel\\framework\\src\\Illuminate\\Pipeline\\Pipeline.php(119): Illuminate\\Pipeline\\Pipeline->Illuminate\\Pipeline\\{closure}(Object(Illuminate\\Http\\Request))
#39 D:\\TUGAS\\SEMESTER 3\\PENGEMBANGAN APLIKASI WEB\\Modul 15\\modul-15\\vendor\\laravel\\framework\\src\\Illuminate\\Routing\\Router.php(805): Illuminate\\Pipeline\\Pipeline->then(Object(Closure))
#40 D:\\TUGAS\\SEMESTER 3\\PENGEMBANGAN APLIKASI WEB\\Modul 15\\modul-15\\vendor\\laravel\\framework\\src\\Illuminate\\Routing\\Router.php(784): Illuminate\\Routing\\Router->runRouteWithinStack(Object(Illuminate\\Routing\\Route), Object(Illuminate\\Http\\Request))
#41 D:\\TUGAS\\SEMESTER 3\\PENGEMBANGAN APLIKASI WEB\\Modul 15\\modul-15\\vendor\\laravel\\framework\\src\\Illuminate\\Routing\\Router.php(748): Illuminate\\Routing\\Router->runRoute(Object(Illuminate\\Http\\Request), Object(Illuminate\\Routing\\Route))
#42 D:\\TUGAS\\SEMESTER 3\\PENGEMBANGAN APLIKASI WEB\\Modul 15\\modul-15\\vendor\\laravel\\framework\\src\\Illuminate\\Routing\\Router.php(737): Illuminate\\Routing\\Router->dispatchToRoute(Object(Illuminate\\Http\\Request))
#43 D:\\TUGAS\\SEMESTER 3\\PENGEMBANGAN APLIKASI WEB\\Modul 15\\modul-15\\vendor\\laravel\\framework\\src\\Illuminate\\Foundation\\Http\\Kernel.php(200): Illuminate\\Routing\\Router->dispatch(Object(Illuminate\\Http\\Request))
#44 D:\\TUGAS\\SEMESTER 3\\PENGEMBANGAN APLIKASI WEB\\Modul 15\\modul-15\\vendor\\laravel\\framework\\src\\Illuminate\\Pipeline\\Pipeline.php(144): Illuminate\\Foundation\\Http\\Kernel->Illuminate\\Foundation\\Http\\{closure}(Object(Illuminate\\Http\\Request))
#45 D:\\TUGAS\\SEMESTER 3\\PENGEMBANGAN APLIKASI WEB\\Modul 15\\modul-15\\vendor\\laravel\\framework\\src\\Illuminate\\Foundation\\Http\\Middleware\\TransformsRequest.php(21): Illuminate\\Pipeline\\Pipeline->Illuminate\\Pipeline\\{closure}(Object(Illuminate\\Http\\Request))
#46 D:\\TUGAS\\SEMESTER 3\\PENGEMBANGAN APLIKASI WEB\\Modul 15\\modul-15\\vendor\\laravel\\framework\\src\\Illuminate\\Foundation\\Http\\Middleware\\ConvertEmptyStringsToNull.php(31): Illuminate\\Foundation\\Http\\Middleware\\TransformsRequest->handle(Object(Illuminate\\Http\\Request), Object(Closure))
#47 D:\\TUGAS\\SEMESTER 3\\PENGEMBANGAN APLIKASI WEB\\Modul 15\\modul-15\\vendor\\laravel\\framework\\src\\Illuminate\\Pipeline\\Pipeline.php(183): Illuminate\\Foundation\\Http\\Middleware\\ConvertEmptyStringsToNull->handle(Object(Illuminate\\Http\\Request), Object(Closure))
#48 D:\\TUGAS\\SEMESTER 3\\PENGEMBANGAN APLIKASI WEB\\Modul 15\\modul-15\\vendor\\laravel\\framework\\src\\Illuminate\\Foundation\\Http\\Middleware\\TransformsRequest.php(21): Illuminate\\Pipeline\\Pipeline->Illuminate\\Pipeline\\{closure}(Object(Illuminate\\Http\\Request))
#49 D:\\TUGAS\\SEMESTER 3\\PENGEMBANGAN APLIKASI WEB\\Modul 15\\modul-15\\vendor\\laravel\\framework\\src\\Illuminate\\Foundation\\Http\\Middleware\\TrimStrings.php(40): Illuminate\\Foundation\\Http\\Middleware\\TransformsRequest->handle(Object(Illuminate\\Http\\Request), Object(Closure))
#50 D:\\TUGAS\\SEMESTER 3\\PENGEMBANGAN APLIKASI WEB\\Modul 15\\modul-15\\vendor\\laravel\\framework\\src\\Illuminate\\Pipeline\\Pipeline.php(183): Illuminate\\Foundation\\Http\\Middleware\\TrimStrings->handle(Object(Illuminate\\Http\\Request), Object(Closure))
#51 D:\\TUGAS\\SEMESTER 3\\PENGEMBANGAN APLIKASI WEB\\Modul 15\\modul-15\\vendor\\laravel\\framework\\src\\Illuminate\\Foundation\\Http\\Middleware\\ValidatePostSize.php(27): Illuminate\\Pipeline\\Pipeline->Illuminate\\Pipeline\\{closure}(Object(Illuminate\\Http\\Request))
#52 D:\\TUGAS\\SEMESTER 3\\PENGEMBANGAN APLIKASI WEB\\Modul 15\\modul-15\\vendor\\laravel\\framework\\src\\Illuminate\\Pipeline\\Pipeline.php(183): Illuminate\\Foundation\\Http\\Middleware\\ValidatePostSize->handle(Object(Illuminate\\Http\\Request), Object(Closure))
#53 D:\\TUGAS\\SEMESTER 3\\PENGEMBANGAN APLIKASI WEB\\Modul 15\\modul-15\\vendor\\laravel\\framework\\src\\Illuminate\\Foundation\\Http\\Middleware\\PreventRequestsDuringMaintenance.php(99): Illuminate\\Pipeline\\Pipeline->Illuminate\\Pipeline\\{closure}(Object(Illuminate\\Http\\Request))
#54 D:\\TUGAS\\SEMESTER 3\\PENGEMBANGAN APLIKASI WEB\\Modul 15\\modul-15\\vendor\\laravel\\framework\\src\\Illuminate\\Pipeline\\Pipeline.php(183): Illuminate\\Foundation\\Http\\Middleware\\PreventRequestsDuringMaintenance->handle(Object(Illuminate\\Http\\Request), Object(Closure))
#55 D:\\TUGAS\\SEMESTER 3\\PENGEMBANGAN APLIKASI WEB\\Modul 15\\modul-15\\vendor\\laravel\\framework\\src\\Illuminate\\Http\\Middleware\\HandleCors.php(49): Illuminate\\Pipeline\\Pipeline->Illuminate\\Pipeline\\{closure}(Object(Illuminate\\Http\\Request))
#56 D:\\TUGAS\\SEMESTER 3\\PENGEMBANGAN APLIKASI WEB\\Modul 15\\modul-15\\vendor\\laravel\\framework\\src\\Illuminate\\Pipeline\\Pipeline.php(183): Illuminate\\Http\\Middleware\\HandleCors->handle(Object(Illuminate\\Http\\Request), Object(Closure))
#57 D:\\TUGAS\\SEMESTER 3\\PENGEMBANGAN APLIKASI WEB\\Modul 15\\modul-15\\vendor\\laravel\\framework\\src\\Illuminate\\Http\\Middleware\\TrustProxies.php(39): Illuminate\\Pipeline\\Pipeline->Illuminate\\Pipeline\\{closure}(Object(Illuminate\\Http\\Request))
#58 D:\\TUGAS\\SEMESTER 3\\PENGEMBANGAN APLIKASI WEB\\Modul 15\\modul-15\\vendor\\laravel\\framework\\src\\Illuminate\\Pipeline\\Pipeline.php(183): Illuminate\\Http\\Middleware\\TrustProxies->handle(Object(Illuminate\\Http\\Request), Object(Closure))
#59 D:\\TUGAS\\SEMESTER 3\\PENGEMBANGAN APLIKASI WEB\\Modul 15\\modul-15\\vendor\\laravel\\framework\\src\\Illuminate\\Pipeline\\Pipeline.php(119): Illuminate\\Pipeline\\Pipeline->Illuminate\\Pipeline\\{closure}(Object(Illuminate\\Http\\Request))
#60 D:\\TUGAS\\SEMESTER 3\\PENGEMBANGAN APLIKASI WEB\\Modul 15\\modul-15\\vendor\\laravel\\framework\\src\\Illuminate\\Foundation\\Http\\Kernel.php(175): Illuminate\\Pipeline\\Pipeline->then(Object(Closure))
#61 D:\\TUGAS\\SEMESTER 3\\PENGEMBANGAN APLIKASI WEB\\Modul 15\\modul-15\\vendor\\laravel\\framework\\src\\Illuminate\\Foundation\\Http\\Kernel.php(144): Illuminate\\Foundation\\Http\\Kernel->sendRequestThroughRouter(Object(Illuminate\\Http\\Request))
#62 D:\\TUGAS\\SEMESTER 3\\PENGEMBANGAN APLIKASI WEB\\Modul 15\\modul-15\\public\\index.php(51): Illuminate\\Foundation\\Http\\Kernel->handle(Object(Illuminate\\Http\\Request))
#63 D:\\TUGAS\\SEMESTER 3\\PENGEMBANGAN APLIKASI WEB\\Modul 15\\modul-15\\vendor\\laravel\\framework\\src\\Illuminate\\Foundation\\resources\\server.php(16): require_once('D:\\\\TUGAS\\\\SEMEST...')
#64 {main}

[previous exception] [object] (Illuminate\\Foundation\\ViteManifestNotFoundException(code: 0): Vite manifest not found at: D:\\TUGAS\\SEMESTER 3\\PENGEMBANGAN APLIKASI WEB\\Modul 15\\modul-15\\public\\build/manifest.json at D:\\TUGAS\\SEMESTER 3\\PENGEMBANGAN APLIKASI WEB\\Modul 15\\modul-15\\vendor\\laravel\\framework\\src\\Illuminate\\Foundation\\Vite.php:728)
[stacktrace]
#0 D:\\TUGAS\\SEMESTER 3\\PENGEMBANGAN APLIKASI WEB\\Modul 15\\modul-15\\vendor\\laravel\\framework\\src\\Illuminate\\Foundation\\Vite.php(293): Illuminate\\Foundation\\Vite->manifest('build')
#1 D:\\TUGAS\\SEMESTER 3\\PENGEMBANGAN APLIKASI WEB\\Modul 15\\modul-15\\storage\\framework\\views\\c2744d66de84898fbf6c0cd11dbab533.php(17): Illuminate\\Foundation\\Vite->__invoke(Object(Illuminate\\Support\\Collection))
#2 D:\\TUGAS\\SEMESTER 3\\PENGEMBANGAN APLIKASI WEB\\Modul 15\\modul-15\\vendor\\laravel\\framework\\src\\Illuminate\\Filesystem\\Filesystem.php(123): require('D:\\\\TUGAS\\\\SEMEST...')
#3 D:\\TUGAS\\SEMESTER 3\\PENGEMBANGAN APLIKASI WEB\\Modul 15\\modul-15\\vendor\\laravel\\framework\\src\\Illuminate\\Filesystem\\Filesystem.php(124): Illuminate\\Filesystem\\Filesystem::Illuminate\\Filesystem\\{closure}()
#4 D:\\TUGAS\\SEMESTER 3\\PENGEMBANGAN APLIKASI WEB\\Modul 15\\modul-15\\vendor\\laravel\\framework\\src\\Illuminate\\View\\Engines\\PhpEngine.php(58): Illuminate\\Filesystem\\Filesystem->getRequire('D:\\\\TUGAS\\\\SEMEST...', Array)
#5 D:\\TUGAS\\SEMESTER 3\\PENGEMBANGAN APLIKASI WEB\\Modul 15\\modul-15\\vendor\\laravel\\framework\\src\\Illuminate\\View\\Engines\\CompilerEngine.php(72): Illuminate\\View\\Engines\\PhpEngine->evaluatePath('D:\\\\TUGAS\\\\SEMEST...', Array)
#6 D:\\TUGAS\\SEMESTER 3\\PENGEMBANGAN APLIKASI WEB\\Modul 15\\modul-15\\vendor\\laravel\\framework\\src\\Illuminate\\View\\View.php(207): Illuminate\\View\\Engines\\CompilerEngine->get('D:\\\\TUGAS\\\\SEMEST...', Array)
#7 D:\\TUGAS\\SEMESTER 3\\PENGEMBANGAN APLIKASI WEB\\Modul 15\\modul-15\\vendor\\laravel\\framework\\src\\Illuminate\\View\\View.php(190): Illuminate\\View\\View->getContents()
#8 D:\\TUGAS\\SEMESTER 3\\PENGEMBANGAN APLIKASI WEB\\Modul 15\\modul-15\\vendor\\laravel\\framework\\src\\Illuminate\\View\\View.php(159): Illuminate\\View\\View->renderContents()
#9 D:\\TUGAS\\SEMESTER 3\\PENGEMBANGAN APLIKASI WEB\\Modul 15\\modul-15\\storage\\framework\\views\\092f48d2b4bb26bacdc933710de7ca50.php(104): Illuminate\\View\\View->render()
#10 D:\\TUGAS\\SEMESTER 3\\PENGEMBANGAN APLIKASI WEB\\Modul 15\\modul-15\\vendor\\laravel\\framework\\src\\Illuminate\\Filesystem\\Filesystem.php(123): require('D:\\\\TUGAS\\\\SEMEST...')
#11 D:\\TUGAS\\SEMESTER 3\\PENGEMBANGAN APLIKASI WEB\\Modul 15\\modul-15\\vendor\\laravel\\framework\\src\\Illuminate\\Filesystem\\Filesystem.php(124): Illuminate\\Filesystem\\Filesystem::Illuminate\\Filesystem\\{closure}()
#12 D:\\TUGAS\\SEMESTER 3\\PENGEMBANGAN APLIKASI WEB\\Modul 15\\modul-15\\vendor\\laravel\\framework\\src\\Illuminate\\View\\Engines\\PhpEngine.php(58): Illuminate\\Filesystem\\Filesystem->getRequire('D:\\\\TUGAS\\\\SEMEST...', Array)
#13 D:\\TUGAS\\SEMESTER 3\\PENGEMBANGAN APLIKASI WEB\\Modul 15\\modul-15\\vendor\\laravel\\framework\\src\\Illuminate\\View\\Engines\\CompilerEngine.php(72): Illuminate\\View\\Engines\\PhpEngine->evaluatePath('D:\\\\TUGAS\\\\SEMEST...', Array)
#14 D:\\TUGAS\\SEMESTER 3\\PENGEMBANGAN APLIKASI WEB\\Modul 15\\modul-15\\vendor\\laravel\\framework\\src\\Illuminate\\View\\View.php(207): Illuminate\\View\\Engines\\CompilerEngine->get('D:\\\\TUGAS\\\\SEMEST...', Array)
#15 D:\\TUGAS\\SEMESTER 3\\PENGEMBANGAN APLIKASI WEB\\Modul 15\\modul-15\\vendor\\laravel\\framework\\src\\Illuminate\\View\\View.php(190): Illuminate\\View\\View->getContents()
#16 D:\\TUGAS\\SEMESTER 3\\PENGEMBANGAN APLIKASI WEB\\Modul 15\\modul-15\\vendor\\laravel\\framework\\src\\Illuminate\\View\\View.php(159): Illuminate\\View\\View->renderContents()
#17 D:\\TUGAS\\SEMESTER 3\\PENGEMBANGAN APLIKASI WEB\\Modul 15\\modul-15\\vendor\\laravel\\framework\\src\\Illuminate\\Http\\Response.php(69): Illuminate\\View\\View->render()
#18 D:\\TUGAS\\SEMESTER 3\\PENGEMBANGAN APLIKASI WEB\\Modul 15\\modul-15\\vendor\\laravel\\framework\\src\\Illuminate\\Http\\Response.php(35): Illuminate\\Http\\Response->setContent(Object(Illuminate\\View\\View))
#19 D:\\TUGAS\\SEMESTER 3\\PENGEMBANGAN APLIKASI WEB\\Modul 15\\modul-15\\vendor\\laravel\\framework\\src\\Illuminate\\Routing\\Router.php(918): Illuminate\\Http\\Response->__construct(Object(Illuminate\\View\\View), 200, Array)
#20 D:\\TUGAS\\SEMESTER 3\\PENGEMBANGAN APLIKASI WEB\\Modul 15\\modul-15\\vendor\\laravel\\framework\\src\\Illuminate\\Routing\\Router.php(885): Illuminate\\Routing\\Router::toResponse(Object(Illuminate\\Http\\Request), Object(Illuminate\\View\\View))
#21 D:\\TUGAS\\SEMESTER 3\\PENGEMBANGAN APLIKASI WEB\\Modul 15\\modul-15\\vendor\\laravel\\framework\\src\\Illuminate\\Routing\\Router.php(805): Illuminate\\Routing\\Router->prepareResponse(Object(Illuminate\\Http\\Request), Object(Illuminate\\View\\View))
#22 D:\\TUGAS\\SEMESTER 3\\PENGEMBANGAN APLIKASI WEB\\Modul 15\\modul-15\\vendor\\laravel\\framework\\src\\Illuminate\\Pipeline\\Pipeline.php(144): Illuminate\\Routing\\Router->Illuminate\\Routing\\{closure}(Object(Illuminate\\Http\\Request))
#23 D:\\TUGAS\\SEMESTER 3\\PENGEMBANGAN APLIKASI WEB\\Modul 15\\modul-15\\app\\Http\\Middleware\\RedirectIfAuthenticated.php(28): Illuminate\\Pipeline\\Pipeline->Illuminate\\Pipeline\\{closure}(Object(Illuminate\\Http\\Request))
#24 D:\\TUGAS\\SEMESTER 3\\PENGEMBANGAN APLIKASI WEB\\Modul 15\\modul-15\\vendor\\laravel\\framework\\src\\Illuminate\\Pipeline\\Pipeline.php(183): App\\Http\\Middleware\\RedirectIfAuthenticated->handle(Object(Illuminate\\Http\\Request), Object(Closure))
#25 D:\\TUGAS\\SEMESTER 3\\PENGEMBANGAN APLIKASI WEB\\Modul 15\\modul-15\\vendor\\laravel\\framework\\src\\Illuminate\\Routing\\Middleware\\SubstituteBindings.php(50): Illuminate\\Pipeline\\Pipeline->Illuminate\\Pipeline\\{closure}(Object(Illuminate\\Http\\Request))
#26 D:\\TUGAS\\SEMESTER 3\\PENGEMBANGAN APLIKASI WEB\\Modul 15\\modul-15\\vendor\\laravel\\framework\\src\\Illuminate\\Pipeline\\Pipeline.php(183): Illuminate\\Routing\\Middleware\\SubstituteBindings->handle(Object(Illuminate\\Http\\Request), Object(Closure))
#27 D:\\TUGAS\\SEMESTER 3\\PENGEMBANGAN APLIKASI WEB\\Modul 15\\modul-15\\vendor\\laravel\\framework\\src\\Illuminate\\Foundation\\Http\\Middleware\\VerifyCsrfToken.php(78): Illuminate\\Pipeline\\Pipeline->Illuminate\\Pipeline\\{closure}(Object(Illuminate\\Http\\Request))
#28 D:\\TUGAS\\SEMESTER 3\\PENGEMBANGAN APLIKASI WEB\\Modul 15\\modul-15\\vendor\\laravel\\framework\\src\\Illuminate\\Pipeline\\Pipeline.php(183): Illuminate\\Foundation\\Http\\Middleware\\VerifyCsrfToken->handle(Object(Illuminate\\Http\\Request), Object(Closure))
#29 D:\\TUGAS\\SEMESTER 3\\PENGEMBANGAN APLIKASI WEB\\Modul 15\\modul-15\\vendor\\laravel\\framework\\src\\Illuminate\\View\\Middleware\\ShareErrorsFromSession.php(49): Illuminate\\Pipeline\\Pipeline->Illuminate\\Pipeline\\{closure}(Object(Illuminate\\Http\\Request))
#30 D:\\TUGAS\\SEMESTER 3\\PENGEMBANGAN APLIKASI WEB\\Modul 15\\modul-15\\vendor\\laravel\\framework\\src\\Illuminate\\Pipeline\\Pipeline.php(183): Illuminate\\View\\Middleware\\ShareErrorsFromSession->handle(Object(Illuminate\\Http\\Request), Object(Closure))
#31 D:\\TUGAS\\SEMESTER 3\\PENGEMBANGAN APLIKASI WEB\\Modul 15\\modul-15\\vendor\\laravel\\framework\\src\\Illuminate\\Session\\Middleware\\StartSession.php(121): Illuminate\\Pipeline\\Pipeline->Illuminate\\Pipeline\\{closure}(Object(Illuminate\\Http\\Request))
#32 D:\\TUGAS\\SEMESTER 3\\PENGEMBANGAN APLIKASI WEB\\Modul 15\\modul-15\\vendor\\laravel\\framework\\src\\Illuminate\\Session\\Middleware\\StartSession.php(64): Illuminate\\Session\\Middleware\\StartSession->handleStatefulRequest(Object(Illuminate\\Http\\Request), Object(Illuminate\\Session\\Store), Object(Closure))
#33 D:\\TUGAS\\SEMESTER 3\\PENGEMBANGAN APLIKASI WEB\\Modul 15\\modul-15\\vendor\\laravel\\framework\\src\\Illuminate\\Pipeline\\Pipeline.php(183): Illuminate\\Session\\Middleware\\StartSession->handle(Object(Illuminate\\Http\\Request), Object(Closure))
#34 D:\\TUGAS\\SEMESTER 3\\PENGEMBANGAN APLIKASI WEB\\Modul 15\\modul-15\\vendor\\laravel\\framework\\src\\Illuminate\\Cookie\\Middleware\\AddQueuedCookiesToResponse.php(37): Illuminate\\Pipeline\\Pipeline->Illuminate\\Pipeline\\{closure}(Object(Illuminate\\Http\\Request))
#35 D:\\TUGAS\\SEMESTER 3\\PENGEMBANGAN APLIKASI WEB\\Modul 15\\modul-15\\vendor\\laravel\\framework\\src\\Illuminate\\Pipeline\\Pipeline.php(183): Illuminate\\Cookie\\Middleware\\AddQueuedCookiesToResponse->handle(Object(Illuminate\\Http\\Request), Object(Closure))
#36 D:\\TUGAS\\SEMESTER 3\\PENGEMBANGAN APLIKASI WEB\\Modul 15\\modul-15\\vendor\\laravel\\framework\\src\\Illuminate\\Cookie\\Middleware\\EncryptCookies.php(67): Illuminate\\Pipeline\\Pipeline->Illuminate\\Pipeline\\{closure}(Object(Illuminate\\Http\\Request))
#37 D:\\TUGAS\\SEMESTER 3\\PENGEMBANGAN APLIKASI WEB\\Modul 15\\modul-15\\vendor\\laravel\\framework\\src\\Illuminate\\Pipeline\\Pipeline.php(183): Illuminate\\Cookie\\Middleware\\EncryptCookies->handle(Object(Illuminate\\Http\\Request), Object(Closure))
#38 D:\\TUGAS\\SEMESTER 3\\PENGEMBANGAN APLIKASI WEB\\Modul 15\\modul-15\\vendor\\laravel\\framework\\src\\Illuminate\\Pipeline\\Pipeline.php(119): Illuminate\\Pipeline\\Pipeline->Illuminate\\Pipeline\\{closure}(Object(Illuminate\\Http\\Request))
#39 D:\\TUGAS\\SEMESTER 3\\PENGEMBANGAN APLIKASI WEB\\Modul 15\\modul-15\\vendor\\laravel\\framework\\src\\Illuminate\\Routing\\Router.php(805): Illuminate\\Pipeline\\Pipeline->then(Object(Closure))
#40 D:\\TUGAS\\SEMESTER 3\\PENGEMBANGAN APLIKASI WEB\\Modul 15\\modul-15\\vendor\\laravel\\framework\\src\\Illuminate\\Routing\\Router.php(784): Illuminate\\Routing\\Router->runRouteWithinStack(Object(Illuminate\\Routing\\Route), Object(Illuminate\\Http\\Request))
#41 D:\\TUGAS\\SEMESTER 3\\PENGEMBANGAN APLIKASI WEB\\Modul 15\\modul-15\\vendor\\laravel\\framework\\src\\Illuminate\\Routing\\Router.php(748): Illuminate\\Routing\\Router->runRoute(Object(Illuminate\\Http\\Request), Object(Illuminate\\Routing\\Route))
#42 D:\\TUGAS\\SEMESTER 3\\PENGEMBANGAN APLIKASI WEB\\Modul 15\\modul-15\\vendor\\laravel\\framework\\src\\Illuminate\\Routing\\Router.php(737): Illuminate\\Routing\\Router->dispatchToRoute(Object(Illuminate\\Http\\Request))
#43 D:\\TUGAS\\SEMESTER 3\\PENGEMBANGAN APLIKASI WEB\\Modul 15\\modul-15\\vendor\\laravel\\framework\\src\\Illuminate\\Foundation\\Http\\Kernel.php(200): Illuminate\\Routing\\Router->dispatch(Object(Illuminate\\Http\\Request))
#44 D:\\TUGAS\\SEMESTER 3\\PENGEMBANGAN APLIKASI WEB\\Modul 15\\modul-15\\vendor\\laravel\\framework\\src\\Illuminate\\Pipeline\\Pipeline.php(144): Illuminate\\Foundation\\Http\\Kernel->Illuminate\\Foundation\\Http\\{closure}(Object(Illuminate\\Http\\Request))
#45 D:\\TUGAS\\SEMESTER 3\\PENGEMBANGAN APLIKASI WEB\\Modul 15\\modul-15\\vendor\\laravel\\framework\\src\\Illuminate\\Foundation\\Http\\Middleware\\TransformsRequest.php(21): Illuminate\\Pipeline\\Pipeline->Illuminate\\Pipeline\\{closure}(Object(Illuminate\\Http\\Request))
#46 D:\\TUGAS\\SEMESTER 3\\PENGEMBANGAN APLIKASI WEB\\Modul 15\\modul-15\\vendor\\laravel\\framework\\src\\Illuminate\\Foundation\\Http\\Middleware\\ConvertEmptyStringsToNull.php(31): Illuminate\\Foundation\\Http\\Middleware\\TransformsRequest->handle(Object(Illuminate\\Http\\Request), Object(Closure))
#47 D:\\TUGAS\\SEMESTER 3\\PENGEMBANGAN APLIKASI WEB\\Modul 15\\modul-15\\vendor\\laravel\\framework\\src\\Illuminate\\Pipeline\\Pipeline.php(183): Illuminate\\Foundation\\Http\\Middleware\\ConvertEmptyStringsToNull->handle(Object(Illuminate\\Http\\Request), Object(Closure))
#48 D:\\TUGAS\\SEMESTER 3\\PENGEMBANGAN APLIKASI WEB\\Modul 15\\modul-15\\vendor\\laravel\\framework\\src\\Illuminate\\Foundation\\Http\\Middleware\\TransformsRequest.php(21): Illuminate\\Pipeline\\Pipeline->Illuminate\\Pipeline\\{closure}(Object(Illuminate\\Http\\Request))
#49 D:\\TUGAS\\SEMESTER 3\\PENGEMBANGAN APLIKASI WEB\\Modul 15\\modul-15\\vendor\\laravel\\framework\\src\\Illuminate\\Foundation\\Http\\Middleware\\TrimStrings.php(40): Illuminate\\Foundation\\Http\\Middleware\\TransformsRequest->handle(Object(Illuminate\\Http\\Request), Object(Closure))
#50 D:\\TUGAS\\SEMESTER 3\\PENGEMBANGAN APLIKASI WEB\\Modul 15\\modul-15\\vendor\\laravel\\framework\\src\\Illuminate\\Pipeline\\Pipeline.php(183): Illuminate\\Foundation\\Http\\Middleware\\TrimStrings->handle(Object(Illuminate\\Http\\Request), Object(Closure))
#51 D:\\TUGAS\\SEMESTER 3\\PENGEMBANGAN APLIKASI WEB\\Modul 15\\modul-15\\vendor\\laravel\\framework\\src\\Illuminate\\Foundation\\Http\\Middleware\\ValidatePostSize.php(27): Illuminate\\Pipeline\\Pipeline->Illuminate\\Pipeline\\{closure}(Object(Illuminate\\Http\\Request))
#52 D:\\TUGAS\\SEMESTER 3\\PENGEMBANGAN APLIKASI WEB\\Modul 15\\modul-15\\vendor\\laravel\\framework\\src\\Illuminate\\Pipeline\\Pipeline.php(183): Illuminate\\Foundation\\Http\\Middleware\\ValidatePostSize->handle(Object(Illuminate\\Http\\Request), Object(Closure))
#53 D:\\TUGAS\\SEMESTER 3\\PENGEMBANGAN APLIKASI WEB\\Modul 15\\modul-15\\vendor\\laravel\\framework\\src\\Illuminate\\Foundation\\Http\\Middleware\\PreventRequestsDuringMaintenance.php(99): Illuminate\\Pipeline\\Pipeline->Illuminate\\Pipeline\\{closure}(Object(Illuminate\\Http\\Request))
#54 D:\\TUGAS\\SEMESTER 3\\PENGEMBANGAN APLIKASI WEB\\Modul 15\\modul-15\\vendor\\laravel\\framework\\src\\Illuminate\\Pipeline\\Pipeline.php(183): Illuminate\\Foundation\\Http\\Middleware\\PreventRequestsDuringMaintenance->handle(Object(Illuminate\\Http\\Request), Object(Closure))
#55 D:\\TUGAS\\SEMESTER 3\\PENGEMBANGAN APLIKASI WEB\\Modul 15\\modul-15\\vendor\\laravel\\framework\\src\\Illuminate\\Http\\Middleware\\HandleCors.php(49): Illuminate\\Pipeline\\Pipeline->Illuminate\\Pipeline\\{closure}(Object(Illuminate\\Http\\Request))
#56 D:\\TUGAS\\SEMESTER 3\\PENGEMBANGAN APLIKASI WEB\\Modul 15\\modul-15\\vendor\\laravel\\framework\\src\\Illuminate\\Pipeline\\Pipeline.php(183): Illuminate\\Http\\Middleware\\HandleCors->handle(Object(Illuminate\\Http\\Request), Object(Closure))
#57 D:\\TUGAS\\SEMESTER 3\\PENGEMBANGAN APLIKASI WEB\\Modul 15\\modul-15\\vendor\\laravel\\framework\\src\\Illuminate\\Http\\Middleware\\TrustProxies.php(39): Illuminate\\Pipeline\\Pipeline->Illuminate\\Pipeline\\{closure}(Object(Illuminate\\Http\\Request))
#58 D:\\TUGAS\\SEMESTER 3\\PENGEMBANGAN APLIKASI WEB\\Modul 15\\modul-15\\vendor\\laravel\\framework\\src\\Illuminate\\Pipeline\\Pipeline.php(183): Illuminate\\Http\\Middleware\\TrustProxies->handle(Object(Illuminate\\Http\\Request), Object(Closure))
#59 D:\\TUGAS\\SEMESTER 3\\PENGEMBANGAN APLIKASI WEB\\Modul 15\\modul-15\\vendor\\laravel\\framework\\src\\Illuminate\\Pipeline\\Pipeline.php(119): Illuminate\\Pipeline\\Pipeline->Illuminate\\Pipeline\\{closure}(Object(Illuminate\\Http\\Request))
#60 D:\\TUGAS\\SEMESTER 3\\PENGEMBANGAN APLIKASI WEB\\Modul 15\\modul-15\\vendor\\laravel\\framework\\src\\Illuminate\\Foundation\\Http\\Kernel.php(175): Illuminate\\Pipeline\\Pipeline->then(Object(Closure))
#61 D:\\TUGAS\\SEMESTER 3\\PENGEMBANGAN APLIKASI WEB\\Modul 15\\modul-15\\vendor\\laravel\\framework\\src\\Illuminate\\Foundation\\Http\\Kernel.php(144): Illuminate\\Foundation\\Http\\Kernel->sendRequestThroughRouter(Object(Illuminate\\Http\\Request))
#62 D:\\TUGAS\\SEMESTER 3\\PENGEMBANGAN APLIKASI WEB\\Modul 15\\modul-15\\public\\index.php(51): Illuminate\\Foundation\\Http\\Kernel->handle(Object(Illuminate\\Http\\Request))
#63 D:\\TUGAS\\SEMESTER 3\\PENGEMBANGAN APLIKASI WEB\\Modul 15\\modul-15\\vendor\\laravel\\framework\\src\\Illuminate\\Foundation\\resources\\server.php(16): require_once('D:\\\\TUGAS\\\\SEMEST...')
#64 {main}
"} 
[2024-12-08 22:47:27] local.ERROR: Vite manifest not found at: D:\TUGAS\SEMESTER 3\PENGEMBANGAN APLIKASI WEB\Modul 15\modul-15\public\build/manifest.json {"view":{"view":"D:\\TUGAS\\SEMESTER 3\\PENGEMBANGAN APLIKASI WEB\\Modul 15\\modul-15\\resources\\views\\layouts\\app.blade.php","data":{"errors":"<pre class=sf-dump id=sf-dump-1423610118 data-indent-pad=\"  \"><span class=sf-dump-note>Illuminate\\Support\\ViewErrorBag</span> {<a class=sf-dump-ref>#301</a><samp data-depth=1 class=sf-dump-expanded>
  #<span class=sf-dump-protected title=\"Protected property\">bags</span>: []
</samp>}
</pre><script>Sfdump(\"sf-dump-1423610118\", {\"maxDepth\":3,\"maxStringLength\":160})</script>
"}},"exception":"[object] (Spatie\\LaravelIgnition\\Exceptions\\ViewException(code: 0): Vite manifest not found at: D:\\TUGAS\\SEMESTER 3\\PENGEMBANGAN APLIKASI WEB\\Modul 15\\modul-15\\public\\build/manifest.json at D:\\TUGAS\\SEMESTER 3\\PENGEMBANGAN APLIKASI WEB\\Modul 15\\modul-15\\vendor\\laravel\\framework\\src\\Illuminate\\Foundation\\Vite.php:728)
[stacktrace]
#0 D:\\TUGAS\\SEMESTER 3\\PENGEMBANGAN APLIKASI WEB\\Modul 15\\modul-15\\vendor\\laravel\\framework\\src\\Illuminate\\Foundation\\Vite.php(293): Illuminate\\Foundation\\Vite->manifest('build')
#1 D:\\TUGAS\\SEMESTER 3\\PENGEMBANGAN APLIKASI WEB\\Modul 15\\modul-15\\resources\\views\\layouts\\app.blade.php(17): Illuminate\\Foundation\\Vite->__invoke(Object(Illuminate\\Support\\Collection))
#2 D:\\TUGAS\\SEMESTER 3\\PENGEMBANGAN APLIKASI WEB\\Modul 15\\modul-15\\vendor\\laravel\\framework\\src\\Illuminate\\Filesystem\\Filesystem.php(123): require('D:\\\\TUGAS\\\\SEMEST...')
#3 D:\\TUGAS\\SEMESTER 3\\PENGEMBANGAN APLIKASI WEB\\Modul 15\\modul-15\\vendor\\laravel\\framework\\src\\Illuminate\\Filesystem\\Filesystem.php(124): Illuminate\\Filesystem\\Filesystem::Illuminate\\Filesystem\\{closure}()
#4 D:\\TUGAS\\SEMESTER 3\\PENGEMBANGAN APLIKASI WEB\\Modul 15\\modul-15\\vendor\\laravel\\framework\\src\\Illuminate\\View\\Engines\\PhpEngine.php(58): Illuminate\\Filesystem\\Filesystem->getRequire('D:\\\\TUGAS\\\\SEMEST...', Array)
#5 D:\\TUGAS\\SEMESTER 3\\PENGEMBANGAN APLIKASI WEB\\Modul 15\\modul-15\\vendor\\laravel\\framework\\src\\Illuminate\\View\\Engines\\CompilerEngine.php(72): Illuminate\\View\\Engines\\PhpEngine->evaluatePath('D:\\\\TUGAS\\\\SEMEST...', Array)
#6 D:\\TUGAS\\SEMESTER 3\\PENGEMBANGAN APLIKASI WEB\\Modul 15\\modul-15\\vendor\\laravel\\framework\\src\\Illuminate\\View\\View.php(207): Illuminate\\View\\Engines\\CompilerEngine->get('D:\\\\TUGAS\\\\SEMEST...', Array)
#7 D:\\TUGAS\\SEMESTER 3\\PENGEMBANGAN APLIKASI WEB\\Modul 15\\modul-15\\vendor\\laravel\\framework\\src\\Illuminate\\View\\View.php(190): Illuminate\\View\\View->getContents()
#8 D:\\TUGAS\\SEMESTER 3\\PENGEMBANGAN APLIKASI WEB\\Modul 15\\modul-15\\vendor\\laravel\\framework\\src\\Illuminate\\View\\View.php(159): Illuminate\\View\\View->renderContents()
#9 D:\\TUGAS\\SEMESTER 3\\PENGEMBANGAN APLIKASI WEB\\Modul 15\\modul-15\\resources\\views\\auth\\register.blade.php(77): Illuminate\\View\\View->render()
#10 D:\\TUGAS\\SEMESTER 3\\PENGEMBANGAN APLIKASI WEB\\Modul 15\\modul-15\\vendor\\laravel\\framework\\src\\Illuminate\\Filesystem\\Filesystem.php(123): require('D:\\\\TUGAS\\\\SEMEST...')
#11 D:\\TUGAS\\SEMESTER 3\\PENGEMBANGAN APLIKASI WEB\\Modul 15\\modul-15\\vendor\\laravel\\framework\\src\\Illuminate\\Filesystem\\Filesystem.php(124): Illuminate\\Filesystem\\Filesystem::Illuminate\\Filesystem\\{closure}()
#12 D:\\TUGAS\\SEMESTER 3\\PENGEMBANGAN APLIKASI WEB\\Modul 15\\modul-15\\vendor\\laravel\\framework\\src\\Illuminate\\View\\Engines\\PhpEngine.php(58): Illuminate\\Filesystem\\Filesystem->getRequire('D:\\\\TUGAS\\\\SEMEST...', Array)
#13 D:\\TUGAS\\SEMESTER 3\\PENGEMBANGAN APLIKASI WEB\\Modul 15\\modul-15\\vendor\\laravel\\framework\\src\\Illuminate\\View\\Engines\\CompilerEngine.php(72): Illuminate\\View\\Engines\\PhpEngine->evaluatePath('D:\\\\TUGAS\\\\SEMEST...', Array)
#14 D:\\TUGAS\\SEMESTER 3\\PENGEMBANGAN APLIKASI WEB\\Modul 15\\modul-15\\vendor\\laravel\\framework\\src\\Illuminate\\View\\View.php(207): Illuminate\\View\\Engines\\CompilerEngine->get('D:\\\\TUGAS\\\\SEMEST...', Array)
#15 D:\\TUGAS\\SEMESTER 3\\PENGEMBANGAN APLIKASI WEB\\Modul 15\\modul-15\\vendor\\laravel\\framework\\src\\Illuminate\\View\\View.php(190): Illuminate\\View\\View->getContents()
#16 D:\\TUGAS\\SEMESTER 3\\PENGEMBANGAN APLIKASI WEB\\Modul 15\\modul-15\\vendor\\laravel\\framework\\src\\Illuminate\\View\\View.php(159): Illuminate\\View\\View->renderContents()
#17 D:\\TUGAS\\SEMESTER 3\\PENGEMBANGAN APLIKASI WEB\\Modul 15\\modul-15\\vendor\\laravel\\framework\\src\\Illuminate\\Http\\Response.php(69): Illuminate\\View\\View->render()
#18 D:\\TUGAS\\SEMESTER 3\\PENGEMBANGAN APLIKASI WEB\\Modul 15\\modul-15\\vendor\\laravel\\framework\\src\\Illuminate\\Http\\Response.php(35): Illuminate\\Http\\Response->setContent(Object(Illuminate\\View\\View))
#19 D:\\TUGAS\\SEMESTER 3\\PENGEMBANGAN APLIKASI WEB\\Modul 15\\modul-15\\vendor\\laravel\\framework\\src\\Illuminate\\Routing\\Router.php(918): Illuminate\\Http\\Response->__construct(Object(Illuminate\\View\\View), 200, Array)
#20 D:\\TUGAS\\SEMESTER 3\\PENGEMBANGAN APLIKASI WEB\\Modul 15\\modul-15\\vendor\\laravel\\framework\\src\\Illuminate\\Routing\\Router.php(885): Illuminate\\Routing\\Router::toResponse(Object(Illuminate\\Http\\Request), Object(Illuminate\\View\\View))
#21 D:\\TUGAS\\SEMESTER 3\\PENGEMBANGAN APLIKASI WEB\\Modul 15\\modul-15\\vendor\\laravel\\framework\\src\\Illuminate\\Routing\\Router.php(805): Illuminate\\Routing\\Router->prepareResponse(Object(Illuminate\\Http\\Request), Object(Illuminate\\View\\View))
#22 D:\\TUGAS\\SEMESTER 3\\PENGEMBANGAN APLIKASI WEB\\Modul 15\\modul-15\\vendor\\laravel\\framework\\src\\Illuminate\\Pipeline\\Pipeline.php(144): Illuminate\\Routing\\Router->Illuminate\\Routing\\{closure}(Object(Illuminate\\Http\\Request))
#23 D:\\TUGAS\\SEMESTER 3\\PENGEMBANGAN APLIKASI WEB\\Modul 15\\modul-15\\app\\Http\\Middleware\\RedirectIfAuthenticated.php(28): Illuminate\\Pipeline\\Pipeline->Illuminate\\Pipeline\\{closure}(Object(Illuminate\\Http\\Request))
#24 D:\\TUGAS\\SEMESTER 3\\PENGEMBANGAN APLIKASI WEB\\Modul 15\\modul-15\\vendor\\laravel\\framework\\src\\Illuminate\\Pipeline\\Pipeline.php(183): App\\Http\\Middleware\\RedirectIfAuthenticated->handle(Object(Illuminate\\Http\\Request), Object(Closure))
#25 D:\\TUGAS\\SEMESTER 3\\PENGEMBANGAN APLIKASI WEB\\Modul 15\\modul-15\\vendor\\laravel\\framework\\src\\Illuminate\\Routing\\Middleware\\SubstituteBindings.php(50): Illuminate\\Pipeline\\Pipeline->Illuminate\\Pipeline\\{closure}(Object(Illuminate\\Http\\Request))
#26 D:\\TUGAS\\SEMESTER 3\\PENGEMBANGAN APLIKASI WEB\\Modul 15\\modul-15\\vendor\\laravel\\framework\\src\\Illuminate\\Pipeline\\Pipeline.php(183): Illuminate\\Routing\\Middleware\\SubstituteBindings->handle(Object(Illuminate\\Http\\Request), Object(Closure))
#27 D:\\TUGAS\\SEMESTER 3\\PENGEMBANGAN APLIKASI WEB\\Modul 15\\modul-15\\vendor\\laravel\\framework\\src\\Illuminate\\Foundation\\Http\\Middleware\\VerifyCsrfToken.php(78): Illuminate\\Pipeline\\Pipeline->Illuminate\\Pipeline\\{closure}(Object(Illuminate\\Http\\Request))
#28 D:\\TUGAS\\SEMESTER 3\\PENGEMBANGAN APLIKASI WEB\\Modul 15\\modul-15\\vendor\\laravel\\framework\\src\\Illuminate\\Pipeline\\Pipeline.php(183): Illuminate\\Foundation\\Http\\Middleware\\VerifyCsrfToken->handle(Object(Illuminate\\Http\\Request), Object(Closure))
#29 D:\\TUGAS\\SEMESTER 3\\PENGEMBANGAN APLIKASI WEB\\Modul 15\\modul-15\\vendor\\laravel\\framework\\src\\Illuminate\\View\\Middleware\\ShareErrorsFromSession.php(49): Illuminate\\Pipeline\\Pipeline->Illuminate\\Pipeline\\{closure}(Object(Illuminate\\Http\\Request))
#30 D:\\TUGAS\\SEMESTER 3\\PENGEMBANGAN APLIKASI WEB\\Modul 15\\modul-15\\vendor\\laravel\\framework\\src\\Illuminate\\Pipeline\\Pipeline.php(183): Illuminate\\View\\Middleware\\ShareErrorsFromSession->handle(Object(Illuminate\\Http\\Request), Object(Closure))
#31 D:\\TUGAS\\SEMESTER 3\\PENGEMBANGAN APLIKASI WEB\\Modul 15\\modul-15\\vendor\\laravel\\framework\\src\\Illuminate\\Session\\Middleware\\StartSession.php(121): Illuminate\\Pipeline\\Pipeline->Illuminate\\Pipeline\\{closure}(Object(Illuminate\\Http\\Request))
#32 D:\\TUGAS\\SEMESTER 3\\PENGEMBANGAN APLIKASI WEB\\Modul 15\\modul-15\\vendor\\laravel\\framework\\src\\Illuminate\\Session\\Middleware\\StartSession.php(64): Illuminate\\Session\\Middleware\\StartSession->handleStatefulRequest(Object(Illuminate\\Http\\Request), Object(Illuminate\\Session\\Store), Object(Closure))
#33 D:\\TUGAS\\SEMESTER 3\\PENGEMBANGAN APLIKASI WEB\\Modul 15\\modul-15\\vendor\\laravel\\framework\\src\\Illuminate\\Pipeline\\Pipeline.php(183): Illuminate\\Session\\Middleware\\StartSession->handle(Object(Illuminate\\Http\\Request), Object(Closure))
#34 D:\\TUGAS\\SEMESTER 3\\PENGEMBANGAN APLIKASI WEB\\Modul 15\\modul-15\\vendor\\laravel\\framework\\src\\Illuminate\\Cookie\\Middleware\\AddQueuedCookiesToResponse.php(37): Illuminate\\Pipeline\\Pipeline->Illuminate\\Pipeline\\{closure}(Object(Illuminate\\Http\\Request))
#35 D:\\TUGAS\\SEMESTER 3\\PENGEMBANGAN APLIKASI WEB\\Modul 15\\modul-15\\vendor\\laravel\\framework\\src\\Illuminate\\Pipeline\\Pipeline.php(183): Illuminate\\Cookie\\Middleware\\AddQueuedCookiesToResponse->handle(Object(Illuminate\\Http\\Request), Object(Closure))
#36 D:\\TUGAS\\SEMESTER 3\\PENGEMBANGAN APLIKASI WEB\\Modul 15\\modul-15\\vendor\\laravel\\framework\\src\\Illuminate\\Cookie\\Middleware\\EncryptCookies.php(67): Illuminate\\Pipeline\\Pipeline->Illuminate\\Pipeline\\{closure}(Object(Illuminate\\Http\\Request))
#37 D:\\TUGAS\\SEMESTER 3\\PENGEMBANGAN APLIKASI WEB\\Modul 15\\modul-15\\vendor\\laravel\\framework\\src\\Illuminate\\Pipeline\\Pipeline.php(183): Illuminate\\Cookie\\Middleware\\EncryptCookies->handle(Object(Illuminate\\Http\\Request), Object(Closure))
#38 D:\\TUGAS\\SEMESTER 3\\PENGEMBANGAN APLIKASI WEB\\Modul 15\\modul-15\\vendor\\laravel\\framework\\src\\Illuminate\\Pipeline\\Pipeline.php(119): Illuminate\\Pipeline\\Pipeline->Illuminate\\Pipeline\\{closure}(Object(Illuminate\\Http\\Request))
#39 D:\\TUGAS\\SEMESTER 3\\PENGEMBANGAN APLIKASI WEB\\Modul 15\\modul-15\\vendor\\laravel\\framework\\src\\Illuminate\\Routing\\Router.php(805): Illuminate\\Pipeline\\Pipeline->then(Object(Closure))
#40 D:\\TUGAS\\SEMESTER 3\\PENGEMBANGAN APLIKASI WEB\\Modul 15\\modul-15\\vendor\\laravel\\framework\\src\\Illuminate\\Routing\\Router.php(784): Illuminate\\Routing\\Router->runRouteWithinStack(Object(Illuminate\\Routing\\Route), Object(Illuminate\\Http\\Request))
#41 D:\\TUGAS\\SEMESTER 3\\PENGEMBANGAN APLIKASI WEB\\Modul 15\\modul-15\\vendor\\laravel\\framework\\src\\Illuminate\\Routing\\Router.php(748): Illuminate\\Routing\\Router->runRoute(Object(Illuminate\\Http\\Request), Object(Illuminate\\Routing\\Route))
#42 D:\\TUGAS\\SEMESTER 3\\PENGEMBANGAN APLIKASI WEB\\Modul 15\\modul-15\\vendor\\laravel\\framework\\src\\Illuminate\\Routing\\Router.php(737): Illuminate\\Routing\\Router->dispatchToRoute(Object(Illuminate\\Http\\Request))
#43 D:\\TUGAS\\SEMESTER 3\\PENGEMBANGAN APLIKASI WEB\\Modul 15\\modul-15\\vendor\\laravel\\framework\\src\\Illuminate\\Foundation\\Http\\Kernel.php(200): Illuminate\\Routing\\Router->dispatch(Object(Illuminate\\Http\\Request))
#44 D:\\TUGAS\\SEMESTER 3\\PENGEMBANGAN APLIKASI WEB\\Modul 15\\modul-15\\vendor\\laravel\\framework\\src\\Illuminate\\Pipeline\\Pipeline.php(144): Illuminate\\Foundation\\Http\\Kernel->Illuminate\\Foundation\\Http\\{closure}(Object(Illuminate\\Http\\Request))
#45 D:\\TUGAS\\SEMESTER 3\\PENGEMBANGAN APLIKASI WEB\\Modul 15\\modul-15\\vendor\\laravel\\framework\\src\\Illuminate\\Foundation\\Http\\Middleware\\TransformsRequest.php(21): Illuminate\\Pipeline\\Pipeline->Illuminate\\Pipeline\\{closure}(Object(Illuminate\\Http\\Request))
#46 D:\\TUGAS\\SEMESTER 3\\PENGEMBANGAN APLIKASI WEB\\Modul 15\\modul-15\\vendor\\laravel\\framework\\src\\Illuminate\\Foundation\\Http\\Middleware\\ConvertEmptyStringsToNull.php(31): Illuminate\\Foundation\\Http\\Middleware\\TransformsRequest->handle(Object(Illuminate\\Http\\Request), Object(Closure))
#47 D:\\TUGAS\\SEMESTER 3\\PENGEMBANGAN APLIKASI WEB\\Modul 15\\modul-15\\vendor\\laravel\\framework\\src\\Illuminate\\Pipeline\\Pipeline.php(183): Illuminate\\Foundation\\Http\\Middleware\\ConvertEmptyStringsToNull->handle(Object(Illuminate\\Http\\Request), Object(Closure))
#48 D:\\TUGAS\\SEMESTER 3\\PENGEMBANGAN APLIKASI WEB\\Modul 15\\modul-15\\vendor\\laravel\\framework\\src\\Illuminate\\Foundation\\Http\\Middleware\\TransformsRequest.php(21): Illuminate\\Pipeline\\Pipeline->Illuminate\\Pipeline\\{closure}(Object(Illuminate\\Http\\Request))
#49 D:\\TUGAS\\SEMESTER 3\\PENGEMBANGAN APLIKASI WEB\\Modul 15\\modul-15\\vendor\\laravel\\framework\\src\\Illuminate\\Foundation\\Http\\Middleware\\TrimStrings.php(40): Illuminate\\Foundation\\Http\\Middleware\\TransformsRequest->handle(Object(Illuminate\\Http\\Request), Object(Closure))
#50 D:\\TUGAS\\SEMESTER 3\\PENGEMBANGAN APLIKASI WEB\\Modul 15\\modul-15\\vendor\\laravel\\framework\\src\\Illuminate\\Pipeline\\Pipeline.php(183): Illuminate\\Foundation\\Http\\Middleware\\TrimStrings->handle(Object(Illuminate\\Http\\Request), Object(Closure))
#51 D:\\TUGAS\\SEMESTER 3\\PENGEMBANGAN APLIKASI WEB\\Modul 15\\modul-15\\vendor\\laravel\\framework\\src\\Illuminate\\Foundation\\Http\\Middleware\\ValidatePostSize.php(27): Illuminate\\Pipeline\\Pipeline->Illuminate\\Pipeline\\{closure}(Object(Illuminate\\Http\\Request))
#52 D:\\TUGAS\\SEMESTER 3\\PENGEMBANGAN APLIKASI WEB\\Modul 15\\modul-15\\vendor\\laravel\\framework\\src\\Illuminate\\Pipeline\\Pipeline.php(183): Illuminate\\Foundation\\Http\\Middleware\\ValidatePostSize->handle(Object(Illuminate\\Http\\Request), Object(Closure))
#53 D:\\TUGAS\\SEMESTER 3\\PENGEMBANGAN APLIKASI WEB\\Modul 15\\modul-15\\vendor\\laravel\\framework\\src\\Illuminate\\Foundation\\Http\\Middleware\\PreventRequestsDuringMaintenance.php(99): Illuminate\\Pipeline\\Pipeline->Illuminate\\Pipeline\\{closure}(Object(Illuminate\\Http\\Request))
#54 D:\\TUGAS\\SEMESTER 3\\PENGEMBANGAN APLIKASI WEB\\Modul 15\\modul-15\\vendor\\laravel\\framework\\src\\Illuminate\\Pipeline\\Pipeline.php(183): Illuminate\\Foundation\\Http\\Middleware\\PreventRequestsDuringMaintenance->handle(Object(Illuminate\\Http\\Request), Object(Closure))
#55 D:\\TUGAS\\SEMESTER 3\\PENGEMBANGAN APLIKASI WEB\\Modul 15\\modul-15\\vendor\\laravel\\framework\\src\\Illuminate\\Http\\Middleware\\HandleCors.php(49): Illuminate\\Pipeline\\Pipeline->Illuminate\\Pipeline\\{closure}(Object(Illuminate\\Http\\Request))
#56 D:\\TUGAS\\SEMESTER 3\\PENGEMBANGAN APLIKASI WEB\\Modul 15\\modul-15\\vendor\\laravel\\framework\\src\\Illuminate\\Pipeline\\Pipeline.php(183): Illuminate\\Http\\Middleware\\HandleCors->handle(Object(Illuminate\\Http\\Request), Object(Closure))
#57 D:\\TUGAS\\SEMESTER 3\\PENGEMBANGAN APLIKASI WEB\\Modul 15\\modul-15\\vendor\\laravel\\framework\\src\\Illuminate\\Http\\Middleware\\TrustProxies.php(39): Illuminate\\Pipeline\\Pipeline->Illuminate\\Pipeline\\{closure}(Object(Illuminate\\Http\\Request))
#58 D:\\TUGAS\\SEMESTER 3\\PENGEMBANGAN APLIKASI WEB\\Modul 15\\modul-15\\vendor\\laravel\\framework\\src\\Illuminate\\Pipeline\\Pipeline.php(183): Illuminate\\Http\\Middleware\\TrustProxies->handle(Object(Illuminate\\Http\\Request), Object(Closure))
#59 D:\\TUGAS\\SEMESTER 3\\PENGEMBANGAN APLIKASI WEB\\Modul 15\\modul-15\\vendor\\laravel\\framework\\src\\Illuminate\\Pipeline\\Pipeline.php(119): Illuminate\\Pipeline\\Pipeline->Illuminate\\Pipeline\\{closure}(Object(Illuminate\\Http\\Request))
#60 D:\\TUGAS\\SEMESTER 3\\PENGEMBANGAN APLIKASI WEB\\Modul 15\\modul-15\\vendor\\laravel\\framework\\src\\Illuminate\\Foundation\\Http\\Kernel.php(175): Illuminate\\Pipeline\\Pipeline->then(Object(Closure))
#61 D:\\TUGAS\\SEMESTER 3\\PENGEMBANGAN APLIKASI WEB\\Modul 15\\modul-15\\vendor\\laravel\\framework\\src\\Illuminate\\Foundation\\Http\\Kernel.php(144): Illuminate\\Foundation\\Http\\Kernel->sendRequestThroughRouter(Object(Illuminate\\Http\\Request))
#62 D:\\TUGAS\\SEMESTER 3\\PENGEMBANGAN APLIKASI WEB\\Modul 15\\modul-15\\public\\index.php(51): Illuminate\\Foundation\\Http\\Kernel->handle(Object(Illuminate\\Http\\Request))
#63 D:\\TUGAS\\SEMESTER 3\\PENGEMBANGAN APLIKASI WEB\\Modul 15\\modul-15\\vendor\\laravel\\framework\\src\\Illuminate\\Foundation\\resources\\server.php(16): require_once('D:\\\\TUGAS\\\\SEMEST...')
#64 {main}

[previous exception] [object] (Illuminate\\Foundation\\ViteManifestNotFoundException(code: 0): Vite manifest not found at: D:\\TUGAS\\SEMESTER 3\\PENGEMBANGAN APLIKASI WEB\\Modul 15\\modul-15\\public\\build/manifest.json at D:\\TUGAS\\SEMESTER 3\\PENGEMBANGAN APLIKASI WEB\\Modul 15\\modul-15\\vendor\\laravel\\framework\\src\\Illuminate\\Foundation\\Vite.php:728)
[stacktrace]
#0 D:\\TUGAS\\SEMESTER 3\\PENGEMBANGAN APLIKASI WEB\\Modul 15\\modul-15\\vendor\\laravel\\framework\\src\\Illuminate\\Foundation\\Vite.php(293): Illuminate\\Foundation\\Vite->manifest('build')
#1 D:\\TUGAS\\SEMESTER 3\\PENGEMBANGAN APLIKASI WEB\\Modul 15\\modul-15\\storage\\framework\\views\\c2744d66de84898fbf6c0cd11dbab533.php(17): Illuminate\\Foundation\\Vite->__invoke(Object(Illuminate\\Support\\Collection))
#2 D:\\TUGAS\\SEMESTER 3\\PENGEMBANGAN APLIKASI WEB\\Modul 15\\modul-15\\vendor\\laravel\\framework\\src\\Illuminate\\Filesystem\\Filesystem.php(123): require('D:\\\\TUGAS\\\\SEMEST...')
#3 D:\\TUGAS\\SEMESTER 3\\PENGEMBANGAN APLIKASI WEB\\Modul 15\\modul-15\\vendor\\laravel\\framework\\src\\Illuminate\\Filesystem\\Filesystem.php(124): Illuminate\\Filesystem\\Filesystem::Illuminate\\Filesystem\\{closure}()
#4 D:\\TUGAS\\SEMESTER 3\\PENGEMBANGAN APLIKASI WEB\\Modul 15\\modul-15\\vendor\\laravel\\framework\\src\\Illuminate\\View\\Engines\\PhpEngine.php(58): Illuminate\\Filesystem\\Filesystem->getRequire('D:\\\\TUGAS\\\\SEMEST...', Array)
#5 D:\\TUGAS\\SEMESTER 3\\PENGEMBANGAN APLIKASI WEB\\Modul 15\\modul-15\\vendor\\laravel\\framework\\src\\Illuminate\\View\\Engines\\CompilerEngine.php(72): Illuminate\\View\\Engines\\PhpEngine->evaluatePath('D:\\\\TUGAS\\\\SEMEST...', Array)
#6 D:\\TUGAS\\SEMESTER 3\\PENGEMBANGAN APLIKASI WEB\\Modul 15\\modul-15\\vendor\\laravel\\framework\\src\\Illuminate\\View\\View.php(207): Illuminate\\View\\Engines\\CompilerEngine->get('D:\\\\TUGAS\\\\SEMEST...', Array)
#7 D:\\TUGAS\\SEMESTER 3\\PENGEMBANGAN APLIKASI WEB\\Modul 15\\modul-15\\vendor\\laravel\\framework\\src\\Illuminate\\View\\View.php(190): Illuminate\\View\\View->getContents()
#8 D:\\TUGAS\\SEMESTER 3\\PENGEMBANGAN APLIKASI WEB\\Modul 15\\modul-15\\vendor\\laravel\\framework\\src\\Illuminate\\View\\View.php(159): Illuminate\\View\\View->renderContents()
#9 D:\\TUGAS\\SEMESTER 3\\PENGEMBANGAN APLIKASI WEB\\Modul 15\\modul-15\\storage\\framework\\views\\e613f84ea3d7519e1ce30aa6d9d4535d.php(120): Illuminate\\View\\View->render()
#10 D:\\TUGAS\\SEMESTER 3\\PENGEMBANGAN APLIKASI WEB\\Modul 15\\modul-15\\vendor\\laravel\\framework\\src\\Illuminate\\Filesystem\\Filesystem.php(123): require('D:\\\\TUGAS\\\\SEMEST...')
#11 D:\\TUGAS\\SEMESTER 3\\PENGEMBANGAN APLIKASI WEB\\Modul 15\\modul-15\\vendor\\laravel\\framework\\src\\Illuminate\\Filesystem\\Filesystem.php(124): Illuminate\\Filesystem\\Filesystem::Illuminate\\Filesystem\\{closure}()
#12 D:\\TUGAS\\SEMESTER 3\\PENGEMBANGAN APLIKASI WEB\\Modul 15\\modul-15\\vendor\\laravel\\framework\\src\\Illuminate\\View\\Engines\\PhpEngine.php(58): Illuminate\\Filesystem\\Filesystem->getRequire('D:\\\\TUGAS\\\\SEMEST...', Array)
#13 D:\\TUGAS\\SEMESTER 3\\PENGEMBANGAN APLIKASI WEB\\Modul 15\\modul-15\\vendor\\laravel\\framework\\src\\Illuminate\\View\\Engines\\CompilerEngine.php(72): Illuminate\\View\\Engines\\PhpEngine->evaluatePath('D:\\\\TUGAS\\\\SEMEST...', Array)
#14 D:\\TUGAS\\SEMESTER 3\\PENGEMBANGAN APLIKASI WEB\\Modul 15\\modul-15\\vendor\\laravel\\framework\\src\\Illuminate\\View\\View.php(207): Illuminate\\View\\Engines\\CompilerEngine->get('D:\\\\TUGAS\\\\SEMEST...', Array)
#15 D:\\TUGAS\\SEMESTER 3\\PENGEMBANGAN APLIKASI WEB\\Modul 15\\modul-15\\vendor\\laravel\\framework\\src\\Illuminate\\View\\View.php(190): Illuminate\\View\\View->getContents()
#16 D:\\TUGAS\\SEMESTER 3\\PENGEMBANGAN APLIKASI WEB\\Modul 15\\modul-15\\vendor\\laravel\\framework\\src\\Illuminate\\View\\View.php(159): Illuminate\\View\\View->renderContents()
#17 D:\\TUGAS\\SEMESTER 3\\PENGEMBANGAN APLIKASI WEB\\Modul 15\\modul-15\\vendor\\laravel\\framework\\src\\Illuminate\\Http\\Response.php(69): Illuminate\\View\\View->render()
#18 D:\\TUGAS\\SEMESTER 3\\PENGEMBANGAN APLIKASI WEB\\Modul 15\\modul-15\\vendor\\laravel\\framework\\src\\Illuminate\\Http\\Response.php(35): Illuminate\\Http\\Response->setContent(Object(Illuminate\\View\\View))
#19 D:\\TUGAS\\SEMESTER 3\\PENGEMBANGAN APLIKASI WEB\\Modul 15\\modul-15\\vendor\\laravel\\framework\\src\\Illuminate\\Routing\\Router.php(918): Illuminate\\Http\\Response->__construct(Object(Illuminate\\View\\View), 200, Array)
#20 D:\\TUGAS\\SEMESTER 3\\PENGEMBANGAN APLIKASI WEB\\Modul 15\\modul-15\\vendor\\laravel\\framework\\src\\Illuminate\\Routing\\Router.php(885): Illuminate\\Routing\\Router::toResponse(Object(Illuminate\\Http\\Request), Object(Illuminate\\View\\View))
#21 D:\\TUGAS\\SEMESTER 3\\PENGEMBANGAN APLIKASI WEB\\Modul 15\\modul-15\\vendor\\laravel\\framework\\src\\Illuminate\\Routing\\Router.php(805): Illuminate\\Routing\\Router->prepareResponse(Object(Illuminate\\Http\\Request), Object(Illuminate\\View\\View))
#22 D:\\TUGAS\\SEMESTER 3\\PENGEMBANGAN APLIKASI WEB\\Modul 15\\modul-15\\vendor\\laravel\\framework\\src\\Illuminate\\Pipeline\\Pipeline.php(144): Illuminate\\Routing\\Router->Illuminate\\Routing\\{closure}(Object(Illuminate\\Http\\Request))
#23 D:\\TUGAS\\SEMESTER 3\\PENGEMBANGAN APLIKASI WEB\\Modul 15\\modul-15\\app\\Http\\Middleware\\RedirectIfAuthenticated.php(28): Illuminate\\Pipeline\\Pipeline->Illuminate\\Pipeline\\{closure}(Object(Illuminate\\Http\\Request))
#24 D:\\TUGAS\\SEMESTER 3\\PENGEMBANGAN APLIKASI WEB\\Modul 15\\modul-15\\vendor\\laravel\\framework\\src\\Illuminate\\Pipeline\\Pipeline.php(183): App\\Http\\Middleware\\RedirectIfAuthenticated->handle(Object(Illuminate\\Http\\Request), Object(Closure))
#25 D:\\TUGAS\\SEMESTER 3\\PENGEMBANGAN APLIKASI WEB\\Modul 15\\modul-15\\vendor\\laravel\\framework\\src\\Illuminate\\Routing\\Middleware\\SubstituteBindings.php(50): Illuminate\\Pipeline\\Pipeline->Illuminate\\Pipeline\\{closure}(Object(Illuminate\\Http\\Request))
#26 D:\\TUGAS\\SEMESTER 3\\PENGEMBANGAN APLIKASI WEB\\Modul 15\\modul-15\\vendor\\laravel\\framework\\src\\Illuminate\\Pipeline\\Pipeline.php(183): Illuminate\\Routing\\Middleware\\SubstituteBindings->handle(Object(Illuminate\\Http\\Request), Object(Closure))
#27 D:\\TUGAS\\SEMESTER 3\\PENGEMBANGAN APLIKASI WEB\\Modul 15\\modul-15\\vendor\\laravel\\framework\\src\\Illuminate\\Foundation\\Http\\Middleware\\VerifyCsrfToken.php(78): Illuminate\\Pipeline\\Pipeline->Illuminate\\Pipeline\\{closure}(Object(Illuminate\\Http\\Request))
#28 D:\\TUGAS\\SEMESTER 3\\PENGEMBANGAN APLIKASI WEB\\Modul 15\\modul-15\\vendor\\laravel\\framework\\src\\Illuminate\\Pipeline\\Pipeline.php(183): Illuminate\\Foundation\\Http\\Middleware\\VerifyCsrfToken->handle(Object(Illuminate\\Http\\Request), Object(Closure))
#29 D:\\TUGAS\\SEMESTER 3\\PENGEMBANGAN APLIKASI WEB\\Modul 15\\modul-15\\vendor\\laravel\\framework\\src\\Illuminate\\View\\Middleware\\ShareErrorsFromSession.php(49): Illuminate\\Pipeline\\Pipeline->Illuminate\\Pipeline\\{closure}(Object(Illuminate\\Http\\Request))
#30 D:\\TUGAS\\SEMESTER 3\\PENGEMBANGAN APLIKASI WEB\\Modul 15\\modul-15\\vendor\\laravel\\framework\\src\\Illuminate\\Pipeline\\Pipeline.php(183): Illuminate\\View\\Middleware\\ShareErrorsFromSession->handle(Object(Illuminate\\Http\\Request), Object(Closure))
#31 D:\\TUGAS\\SEMESTER 3\\PENGEMBANGAN APLIKASI WEB\\Modul 15\\modul-15\\vendor\\laravel\\framework\\src\\Illuminate\\Session\\Middleware\\StartSession.php(121): Illuminate\\Pipeline\\Pipeline->Illuminate\\Pipeline\\{closure}(Object(Illuminate\\Http\\Request))
#32 D:\\TUGAS\\SEMESTER 3\\PENGEMBANGAN APLIKASI WEB\\Modul 15\\modul-15\\vendor\\laravel\\framework\\src\\Illuminate\\Session\\Middleware\\StartSession.php(64): Illuminate\\Session\\Middleware\\StartSession->handleStatefulRequest(Object(Illuminate\\Http\\Request), Object(Illuminate\\Session\\Store), Object(Closure))
#33 D:\\TUGAS\\SEMESTER 3\\PENGEMBANGAN APLIKASI WEB\\Modul 15\\modul-15\\vendor\\laravel\\framework\\src\\Illuminate\\Pipeline\\Pipeline.php(183): Illuminate\\Session\\Middleware\\StartSession->handle(Object(Illuminate\\Http\\Request), Object(Closure))
#34 D:\\TUGAS\\SEMESTER 3\\PENGEMBANGAN APLIKASI WEB\\Modul 15\\modul-15\\vendor\\laravel\\framework\\src\\Illuminate\\Cookie\\Middleware\\AddQueuedCookiesToResponse.php(37): Illuminate\\Pipeline\\Pipeline->Illuminate\\Pipeline\\{closure}(Object(Illuminate\\Http\\Request))
#35 D:\\TUGAS\\SEMESTER 3\\PENGEMBANGAN APLIKASI WEB\\Modul 15\\modul-15\\vendor\\laravel\\framework\\src\\Illuminate\\Pipeline\\Pipeline.php(183): Illuminate\\Cookie\\Middleware\\AddQueuedCookiesToResponse->handle(Object(Illuminate\\Http\\Request), Object(Closure))
#36 D:\\TUGAS\\SEMESTER 3\\PENGEMBANGAN APLIKASI WEB\\Modul 15\\modul-15\\vendor\\laravel\\framework\\src\\Illuminate\\Cookie\\Middleware\\EncryptCookies.php(67): Illuminate\\Pipeline\\Pipeline->Illuminate\\Pipeline\\{closure}(Object(Illuminate\\Http\\Request))
#37 D:\\TUGAS\\SEMESTER 3\\PENGEMBANGAN APLIKASI WEB\\Modul 15\\modul-15\\vendor\\laravel\\framework\\src\\Illuminate\\Pipeline\\Pipeline.php(183): Illuminate\\Cookie\\Middleware\\EncryptCookies->handle(Object(Illuminate\\Http\\Request), Object(Closure))
#38 D:\\TUGAS\\SEMESTER 3\\PENGEMBANGAN APLIKASI WEB\\Modul 15\\modul-15\\vendor\\laravel\\framework\\src\\Illuminate\\Pipeline\\Pipeline.php(119): Illuminate\\Pipeline\\Pipeline->Illuminate\\Pipeline\\{closure}(Object(Illuminate\\Http\\Request))
#39 D:\\TUGAS\\SEMESTER 3\\PENGEMBANGAN APLIKASI WEB\\Modul 15\\modul-15\\vendor\\laravel\\framework\\src\\Illuminate\\Routing\\Router.php(805): Illuminate\\Pipeline\\Pipeline->then(Object(Closure))
#40 D:\\TUGAS\\SEMESTER 3\\PENGEMBANGAN APLIKASI WEB\\Modul 15\\modul-15\\vendor\\laravel\\framework\\src\\Illuminate\\Routing\\Router.php(784): Illuminate\\Routing\\Router->runRouteWithinStack(Object(Illuminate\\Routing\\Route), Object(Illuminate\\Http\\Request))
#41 D:\\TUGAS\\SEMESTER 3\\PENGEMBANGAN APLIKASI WEB\\Modul 15\\modul-15\\vendor\\laravel\\framework\\src\\Illuminate\\Routing\\Router.php(748): Illuminate\\Routing\\Router->runRoute(Object(Illuminate\\Http\\Request), Object(Illuminate\\Routing\\Route))
#42 D:\\TUGAS\\SEMESTER 3\\PENGEMBANGAN APLIKASI WEB\\Modul 15\\modul-15\\vendor\\laravel\\framework\\src\\Illuminate\\Routing\\Router.php(737): Illuminate\\Routing\\Router->dispatchToRoute(Object(Illuminate\\Http\\Request))
#43 D:\\TUGAS\\SEMESTER 3\\PENGEMBANGAN APLIKASI WEB\\Modul 15\\modul-15\\vendor\\laravel\\framework\\src\\Illuminate\\Foundation\\Http\\Kernel.php(200): Illuminate\\Routing\\Router->dispatch(Object(Illuminate\\Http\\Request))
#44 D:\\TUGAS\\SEMESTER 3\\PENGEMBANGAN APLIKASI WEB\\Modul 15\\modul-15\\vendor\\laravel\\framework\\src\\Illuminate\\Pipeline\\Pipeline.php(144): Illuminate\\Foundation\\Http\\Kernel->Illuminate\\Foundation\\Http\\{closure}(Object(Illuminate\\Http\\Request))
#45 D:\\TUGAS\\SEMESTER 3\\PENGEMBANGAN APLIKASI WEB\\Modul 15\\modul-15\\vendor\\laravel\\framework\\src\\Illuminate\\Foundation\\Http\\Middleware\\TransformsRequest.php(21): Illuminate\\Pipeline\\Pipeline->Illuminate\\Pipeline\\{closure}(Object(Illuminate\\Http\\Request))
#46 D:\\TUGAS\\SEMESTER 3\\PENGEMBANGAN APLIKASI WEB\\Modul 15\\modul-15\\vendor\\laravel\\framework\\src\\Illuminate\\Foundation\\Http\\Middleware\\ConvertEmptyStringsToNull.php(31): Illuminate\\Foundation\\Http\\Middleware\\TransformsRequest->handle(Object(Illuminate\\Http\\Request), Object(Closure))
#47 D:\\TUGAS\\SEMESTER 3\\PENGEMBANGAN APLIKASI WEB\\Modul 15\\modul-15\\vendor\\laravel\\framework\\src\\Illuminate\\Pipeline\\Pipeline.php(183): Illuminate\\Foundation\\Http\\Middleware\\ConvertEmptyStringsToNull->handle(Object(Illuminate\\Http\\Request), Object(Closure))
#48 D:\\TUGAS\\SEMESTER 3\\PENGEMBANGAN APLIKASI WEB\\Modul 15\\modul-15\\vendor\\laravel\\framework\\src\\Illuminate\\Foundation\\Http\\Middleware\\TransformsRequest.php(21): Illuminate\\Pipeline\\Pipeline->Illuminate\\Pipeline\\{closure}(Object(Illuminate\\Http\\Request))
#49 D:\\TUGAS\\SEMESTER 3\\PENGEMBANGAN APLIKASI WEB\\Modul 15\\modul-15\\vendor\\laravel\\framework\\src\\Illuminate\\Foundation\\Http\\Middleware\\TrimStrings.php(40): Illuminate\\Foundation\\Http\\Middleware\\TransformsRequest->handle(Object(Illuminate\\Http\\Request), Object(Closure))
#50 D:\\TUGAS\\SEMESTER 3\\PENGEMBANGAN APLIKASI WEB\\Modul 15\\modul-15\\vendor\\laravel\\framework\\src\\Illuminate\\Pipeline\\Pipeline.php(183): Illuminate\\Foundation\\Http\\Middleware\\TrimStrings->handle(Object(Illuminate\\Http\\Request), Object(Closure))
#51 D:\\TUGAS\\SEMESTER 3\\PENGEMBANGAN APLIKASI WEB\\Modul 15\\modul-15\\vendor\\laravel\\framework\\src\\Illuminate\\Foundation\\Http\\Middleware\\ValidatePostSize.php(27): Illuminate\\Pipeline\\Pipeline->Illuminate\\Pipeline\\{closure}(Object(Illuminate\\Http\\Request))
#52 D:\\TUGAS\\SEMESTER 3\\PENGEMBANGAN APLIKASI WEB\\Modul 15\\modul-15\\vendor\\laravel\\framework\\src\\Illuminate\\Pipeline\\Pipeline.php(183): Illuminate\\Foundation\\Http\\Middleware\\ValidatePostSize->handle(Object(Illuminate\\Http\\Request), Object(Closure))
#53 D:\\TUGAS\\SEMESTER 3\\PENGEMBANGAN APLIKASI WEB\\Modul 15\\modul-15\\vendor\\laravel\\framework\\src\\Illuminate\\Foundation\\Http\\Middleware\\PreventRequestsDuringMaintenance.php(99): Illuminate\\Pipeline\\Pipeline->Illuminate\\Pipeline\\{closure}(Object(Illuminate\\Http\\Request))
#54 D:\\TUGAS\\SEMESTER 3\\PENGEMBANGAN APLIKASI WEB\\Modul 15\\modul-15\\vendor\\laravel\\framework\\src\\Illuminate\\Pipeline\\Pipeline.php(183): Illuminate\\Foundation\\Http\\Middleware\\PreventRequestsDuringMaintenance->handle(Object(Illuminate\\Http\\Request), Object(Closure))
#55 D:\\TUGAS\\SEMESTER 3\\PENGEMBANGAN APLIKASI WEB\\Modul 15\\modul-15\\vendor\\laravel\\framework\\src\\Illuminate\\Http\\Middleware\\HandleCors.php(49): Illuminate\\Pipeline\\Pipeline->Illuminate\\Pipeline\\{closure}(Object(Illuminate\\Http\\Request))
#56 D:\\TUGAS\\SEMESTER 3\\PENGEMBANGAN APLIKASI WEB\\Modul 15\\modul-15\\vendor\\laravel\\framework\\src\\Illuminate\\Pipeline\\Pipeline.php(183): Illuminate\\Http\\Middleware\\HandleCors->handle(Object(Illuminate\\Http\\Request), Object(Closure))
#57 D:\\TUGAS\\SEMESTER 3\\PENGEMBANGAN APLIKASI WEB\\Modul 15\\modul-15\\vendor\\laravel\\framework\\src\\Illuminate\\Http\\Middleware\\TrustProxies.php(39): Illuminate\\Pipeline\\Pipeline->Illuminate\\Pipeline\\{closure}(Object(Illuminate\\Http\\Request))
#58 D:\\TUGAS\\SEMESTER 3\\PENGEMBANGAN APLIKASI WEB\\Modul 15\\modul-15\\vendor\\laravel\\framework\\src\\Illuminate\\Pipeline\\Pipeline.php(183): Illuminate\\Http\\Middleware\\TrustProxies->handle(Object(Illuminate\\Http\\Request), Object(Closure))
#59 D:\\TUGAS\\SEMESTER 3\\PENGEMBANGAN APLIKASI WEB\\Modul 15\\modul-15\\vendor\\laravel\\framework\\src\\Illuminate\\Pipeline\\Pipeline.php(119): Illuminate\\Pipeline\\Pipeline->Illuminate\\Pipeline\\{closure}(Object(Illuminate\\Http\\Request))
#60 D:\\TUGAS\\SEMESTER 3\\PENGEMBANGAN APLIKASI WEB\\Modul 15\\modul-15\\vendor\\laravel\\framework\\src\\Illuminate\\Foundation\\Http\\Kernel.php(175): Illuminate\\Pipeline\\Pipeline->then(Object(Closure))
#61 D:\\TUGAS\\SEMESTER 3\\PENGEMBANGAN APLIKASI WEB\\Modul 15\\modul-15\\vendor\\laravel\\framework\\src\\Illuminate\\Foundation\\Http\\Kernel.php(144): Illuminate\\Foundation\\Http\\Kernel->sendRequestThroughRouter(Object(Illuminate\\Http\\Request))
#62 D:\\TUGAS\\SEMESTER 3\\PENGEMBANGAN APLIKASI WEB\\Modul 15\\modul-15\\public\\index.php(51): Illuminate\\Foundation\\Http\\Kernel->handle(Object(Illuminate\\Http\\Request))
#63 D:\\TUGAS\\SEMESTER 3\\PENGEMBANGAN APLIKASI WEB\\Modul 15\\modul-15\\vendor\\laravel\\framework\\src\\Illuminate\\Foundation\\resources\\server.php(16): require_once('D:\\\\TUGAS\\\\SEMEST...')
#64 {main}
"} 
[2024-12-09 06:57:49] local.ERROR: SQLSTATE[HY000] [2002] No connection could be made because the target machine actively refused it (Connection: mysql, SQL: select count(*) as aggregate from `users` where `email` = wahyu70@gmail.com) {"exception":"[object] (Illuminate\\Database\\QueryException(code: 2002): SQLSTATE[HY000] [2002] No connection could be made because the target machine actively refused it (Connection: mysql, SQL: select count(*) as aggregate from `users` where `email` = wahyu70@gmail.com) at D:\\TUGAS\\SEMESTER 3\\PENGEMBANGAN APLIKASI WEB\\Modul 15\\modul-15\\vendor\\laravel\\framework\\src\\Illuminate\\Database\\Connection.php:829)
[stacktrace]
#0 D:\\TUGAS\\SEMESTER 3\\PENGEMBANGAN APLIKASI WEB\\Modul 15\\modul-15\\vendor\\laravel\\framework\\src\\Illuminate\\Database\\Connection.php(983): Illuminate\\Database\\Connection->runQueryCallback('select count(*)...', Array, Object(Closure))
#1 D:\\TUGAS\\SEMESTER 3\\PENGEMBANGAN APLIKASI WEB\\Modul 15\\modul-15\\vendor\\laravel\\framework\\src\\Illuminate\\Database\\Connection.php(962): Illuminate\\Database\\Connection->tryAgainIfCausedByLostConnection(Object(Illuminate\\Database\\QueryException), 'select count(*)...', Array, Object(Closure))
#2 D:\\TUGAS\\SEMESTER 3\\PENGEMBANGAN APLIKASI WEB\\Modul 15\\modul-15\\vendor\\laravel\\framework\\src\\Illuminate\\Database\\Connection.php(785): Illuminate\\Database\\Connection->handleQueryException(Object(Illuminate\\Database\\QueryException), 'select count(*)...', Array, Object(Closure))
#3 D:\\TUGAS\\SEMESTER 3\\PENGEMBANGAN APLIKASI WEB\\Modul 15\\modul-15\\vendor\\laravel\\framework\\src\\Illuminate\\Database\\Connection.php(414): Illuminate\\Database\\Connection->run('select count(*)...', Array, Object(Closure))
#4 D:\\TUGAS\\SEMESTER 3\\PENGEMBANGAN APLIKASI WEB\\Modul 15\\modul-15\\vendor\\laravel\\framework\\src\\Illuminate\\Database\\Query\\Builder.php(2913): Illuminate\\Database\\Connection->select('select count(*)...', Array, false)
#5 D:\\TUGAS\\SEMESTER 3\\PENGEMBANGAN APLIKASI WEB\\Modul 15\\modul-15\\vendor\\laravel\\framework\\src\\Illuminate\\Database\\Query\\Builder.php(2902): Illuminate\\Database\\Query\\Builder->runSelect()
#6 D:\\TUGAS\\SEMESTER 3\\PENGEMBANGAN APLIKASI WEB\\Modul 15\\modul-15\\vendor\\laravel\\framework\\src\\Illuminate\\Database\\Query\\Builder.php(3456): Illuminate\\Database\\Query\\Builder->Illuminate\\Database\\Query\\{closure}()
#7 D:\\TUGAS\\SEMESTER 3\\PENGEMBANGAN APLIKASI WEB\\Modul 15\\modul-15\\vendor\\laravel\\framework\\src\\Illuminate\\Database\\Query\\Builder.php(2901): Illuminate\\Database\\Query\\Builder->onceWithColumns(Array, Object(Closure))
#8 D:\\TUGAS\\SEMESTER 3\\PENGEMBANGAN APLIKASI WEB\\Modul 15\\modul-15\\vendor\\laravel\\framework\\src\\Illuminate\\Database\\Query\\Builder.php(3383): Illuminate\\Database\\Query\\Builder->get(Array)
#9 D:\\TUGAS\\SEMESTER 3\\PENGEMBANGAN APLIKASI WEB\\Modul 15\\modul-15\\vendor\\laravel\\framework\\src\\Illuminate\\Database\\Query\\Builder.php(3311): Illuminate\\Database\\Query\\Builder->aggregate('count', Array)
#10 D:\\TUGAS\\SEMESTER 3\\PENGEMBANGAN APLIKASI WEB\\Modul 15\\modul-15\\vendor\\laravel\\framework\\src\\Illuminate\\Validation\\DatabasePresenceVerifier.php(54): Illuminate\\Database\\Query\\Builder->count()
#11 D:\\TUGAS\\SEMESTER 3\\PENGEMBANGAN APLIKASI WEB\\Modul 15\\modul-15\\vendor\\laravel\\framework\\src\\Illuminate\\Validation\\Concerns\\ValidatesAttributes.php(948): Illuminate\\Validation\\DatabasePresenceVerifier->getCount('users', 'email', 'wahyu70@gmail.c...', NULL, NULL, Array)
#12 D:\\TUGAS\\SEMESTER 3\\PENGEMBANGAN APLIKASI WEB\\Modul 15\\modul-15\\vendor\\laravel\\framework\\src\\Illuminate\\Validation\\Validator.php(658): Illuminate\\Validation\\Validator->validateUnique('email', 'wahyu70@gmail.c...', Array, Object(Illuminate\\Validation\\Validator))
#13 D:\\TUGAS\\SEMESTER 3\\PENGEMBANGAN APLIKASI WEB\\Modul 15\\modul-15\\vendor\\laravel\\framework\\src\\Illuminate\\Validation\\Validator.php(457): Illuminate\\Validation\\Validator->validateAttribute('email', 'Unique')
#14 D:\\TUGAS\\SEMESTER 3\\PENGEMBANGAN APLIKASI WEB\\Modul 15\\modul-15\\vendor\\laravel\\framework\\src\\Illuminate\\Validation\\Validator.php(492): Illuminate\\Validation\\Validator->passes()
#15 D:\\TUGAS\\SEMESTER 3\\PENGEMBANGAN APLIKASI WEB\\Modul 15\\modul-15\\vendor\\laravel\\framework\\src\\Illuminate\\Validation\\Validator.php(534): Illuminate\\Validation\\Validator->fails()
#16 D:\\TUGAS\\SEMESTER 3\\PENGEMBANGAN APLIKASI WEB\\Modul 15\\modul-15\\vendor\\laravel\\ui\\auth-backend\\RegistersUsers.php(32): Illuminate\\Validation\\Validator->validate()
#17 D:\\TUGAS\\SEMESTER 3\\PENGEMBANGAN APLIKASI WEB\\Modul 15\\modul-15\\vendor\\laravel\\framework\\src\\Illuminate\\Routing\\Controller.php(54): App\\Http\\Controllers\\Auth\\RegisterController->register(Object(Illuminate\\Http\\Request))
#18 D:\\TUGAS\\SEMESTER 3\\PENGEMBANGAN APLIKASI WEB\\Modul 15\\modul-15\\vendor\\laravel\\framework\\src\\Illuminate\\Routing\\ControllerDispatcher.php(43): Illuminate\\Routing\\Controller->callAction('register', Array)
#19 D:\\TUGAS\\SEMESTER 3\\PENGEMBANGAN APLIKASI WEB\\Modul 15\\modul-15\\vendor\\laravel\\framework\\src\\Illuminate\\Routing\\Route.php(259): Illuminate\\Routing\\ControllerDispatcher->dispatch(Object(Illuminate\\Routing\\Route), Object(App\\Http\\Controllers\\Auth\\RegisterController), 'register')
#20 D:\\TUGAS\\SEMESTER 3\\PENGEMBANGAN APLIKASI WEB\\Modul 15\\modul-15\\vendor\\laravel\\framework\\src\\Illuminate\\Routing\\Route.php(205): Illuminate\\Routing\\Route->runController()
#21 D:\\TUGAS\\SEMESTER 3\\PENGEMBANGAN APLIKASI WEB\\Modul 15\\modul-15\\vendor\\laravel\\framework\\src\\Illuminate\\Routing\\Router.php(806): Illuminate\\Routing\\Route->run()
#22 D:\\TUGAS\\SEMESTER 3\\PENGEMBANGAN APLIKASI WEB\\Modul 15\\modul-15\\vendor\\laravel\\framework\\src\\Illuminate\\Pipeline\\Pipeline.php(144): Illuminate\\Routing\\Router->Illuminate\\Routing\\{closure}(Object(Illuminate\\Http\\Request))
#23 D:\\TUGAS\\SEMESTER 3\\PENGEMBANGAN APLIKASI WEB\\Modul 15\\modul-15\\app\\Http\\Middleware\\RedirectIfAuthenticated.php(28): Illuminate\\Pipeline\\Pipeline->Illuminate\\Pipeline\\{closure}(Object(Illuminate\\Http\\Request))
#24 D:\\TUGAS\\SEMESTER 3\\PENGEMBANGAN APLIKASI WEB\\Modul 15\\modul-15\\vendor\\laravel\\framework\\src\\Illuminate\\Pipeline\\Pipeline.php(183): App\\Http\\Middleware\\RedirectIfAuthenticated->handle(Object(Illuminate\\Http\\Request), Object(Closure))
#25 D:\\TUGAS\\SEMESTER 3\\PENGEMBANGAN APLIKASI WEB\\Modul 15\\modul-15\\vendor\\laravel\\framework\\src\\Illuminate\\Routing\\Middleware\\SubstituteBindings.php(50): Illuminate\\Pipeline\\Pipeline->Illuminate\\Pipeline\\{closure}(Object(Illuminate\\Http\\Request))
#26 D:\\TUGAS\\SEMESTER 3\\PENGEMBANGAN APLIKASI WEB\\Modul 15\\modul-15\\vendor\\laravel\\framework\\src\\Illuminate\\Pipeline\\Pipeline.php(183): Illuminate\\Routing\\Middleware\\SubstituteBindings->handle(Object(Illuminate\\Http\\Request), Object(Closure))
#27 D:\\TUGAS\\SEMESTER 3\\PENGEMBANGAN APLIKASI WEB\\Modul 15\\modul-15\\vendor\\laravel\\framework\\src\\Illuminate\\Foundation\\Http\\Middleware\\VerifyCsrfToken.php(78): Illuminate\\Pipeline\\Pipeline->Illuminate\\Pipeline\\{closure}(Object(Illuminate\\Http\\Request))
#28 D:\\TUGAS\\SEMESTER 3\\PENGEMBANGAN APLIKASI WEB\\Modul 15\\modul-15\\vendor\\laravel\\framework\\src\\Illuminate\\Pipeline\\Pipeline.php(183): Illuminate\\Foundation\\Http\\Middleware\\VerifyCsrfToken->handle(Object(Illuminate\\Http\\Request), Object(Closure))
#29 D:\\TUGAS\\SEMESTER 3\\PENGEMBANGAN APLIKASI WEB\\Modul 15\\modul-15\\vendor\\laravel\\framework\\src\\Illuminate\\View\\Middleware\\ShareErrorsFromSession.php(49): Illuminate\\Pipeline\\Pipeline->Illuminate\\Pipeline\\{closure}(Object(Illuminate\\Http\\Request))
#30 D:\\TUGAS\\SEMESTER 3\\PENGEMBANGAN APLIKASI WEB\\Modul 15\\modul-15\\vendor\\laravel\\framework\\src\\Illuminate\\Pipeline\\Pipeline.php(183): Illuminate\\View\\Middleware\\ShareErrorsFromSession->handle(Object(Illuminate\\Http\\Request), Object(Closure))
#31 D:\\TUGAS\\SEMESTER 3\\PENGEMBANGAN APLIKASI WEB\\Modul 15\\modul-15\\vendor\\laravel\\framework\\src\\Illuminate\\Session\\Middleware\\StartSession.php(121): Illuminate\\Pipeline\\Pipeline->Illuminate\\Pipeline\\{closure}(Object(Illuminate\\Http\\Request))
#32 D:\\TUGAS\\SEMESTER 3\\PENGEMBANGAN APLIKASI WEB\\Modul 15\\modul-15\\vendor\\laravel\\framework\\src\\Illuminate\\Session\\Middleware\\StartSession.php(64): Illuminate\\Session\\Middleware\\StartSession->handleStatefulRequest(Object(Illuminate\\Http\\Request), Object(Illuminate\\Session\\Store), Object(Closure))
#33 D:\\TUGAS\\SEMESTER 3\\PENGEMBANGAN APLIKASI WEB\\Modul 15\\modul-15\\vendor\\laravel\\framework\\src\\Illuminate\\Pipeline\\Pipeline.php(183): Illuminate\\Session\\Middleware\\StartSession->handle(Object(Illuminate\\Http\\Request), Object(Closure))
#34 D:\\TUGAS\\SEMESTER 3\\PENGEMBANGAN APLIKASI WEB\\Modul 15\\modul-15\\vendor\\laravel\\framework\\src\\Illuminate\\Cookie\\Middleware\\AddQueuedCookiesToResponse.php(37): Illuminate\\Pipeline\\Pipeline->Illuminate\\Pipeline\\{closure}(Object(Illuminate\\Http\\Request))
#35 D:\\TUGAS\\SEMESTER 3\\PENGEMBANGAN APLIKASI WEB\\Modul 15\\modul-15\\vendor\\laravel\\framework\\src\\Illuminate\\Pipeline\\Pipeline.php(183): Illuminate\\Cookie\\Middleware\\AddQueuedCookiesToResponse->handle(Object(Illuminate\\Http\\Request), Object(Closure))
#36 D:\\TUGAS\\SEMESTER 3\\PENGEMBANGAN APLIKASI WEB\\Modul 15\\modul-15\\vendor\\laravel\\framework\\src\\Illuminate\\Cookie\\Middleware\\EncryptCookies.php(67): Illuminate\\Pipeline\\Pipeline->Illuminate\\Pipeline\\{closure}(Object(Illuminate\\Http\\Request))
#37 D:\\TUGAS\\SEMESTER 3\\PENGEMBANGAN APLIKASI WEB\\Modul 15\\modul-15\\vendor\\laravel\\framework\\src\\Illuminate\\Pipeline\\Pipeline.php(183): Illuminate\\Cookie\\Middleware\\EncryptCookies->handle(Object(Illuminate\\Http\\Request), Object(Closure))
#38 D:\\TUGAS\\SEMESTER 3\\PENGEMBANGAN APLIKASI WEB\\Modul 15\\modul-15\\vendor\\laravel\\framework\\src\\Illuminate\\Pipeline\\Pipeline.php(119): Illuminate\\Pipeline\\Pipeline->Illuminate\\Pipeline\\{closure}(Object(Illuminate\\Http\\Request))
#39 D:\\TUGAS\\SEMESTER 3\\PENGEMBANGAN APLIKASI WEB\\Modul 15\\modul-15\\vendor\\laravel\\framework\\src\\Illuminate\\Routing\\Router.php(805): Illuminate\\Pipeline\\Pipeline->then(Object(Closure))
#40 D:\\TUGAS\\SEMESTER 3\\PENGEMBANGAN APLIKASI WEB\\Modul 15\\modul-15\\vendor\\laravel\\framework\\src\\Illuminate\\Routing\\Router.php(784): Illuminate\\Routing\\Router->runRouteWithinStack(Object(Illuminate\\Routing\\Route), Object(Illuminate\\Http\\Request))
#41 D:\\TUGAS\\SEMESTER 3\\PENGEMBANGAN APLIKASI WEB\\Modul 15\\modul-15\\vendor\\laravel\\framework\\src\\Illuminate\\Routing\\Router.php(748): Illuminate\\Routing\\Router->runRoute(Object(Illuminate\\Http\\Request), Object(Illuminate\\Routing\\Route))
#42 D:\\TUGAS\\SEMESTER 3\\PENGEMBANGAN APLIKASI WEB\\Modul 15\\modul-15\\vendor\\laravel\\framework\\src\\Illuminate\\Routing\\Router.php(737): Illuminate\\Routing\\Router->dispatchToRoute(Object(Illuminate\\Http\\Request))
#43 D:\\TUGAS\\SEMESTER 3\\PENGEMBANGAN APLIKASI WEB\\Modul 15\\modul-15\\vendor\\laravel\\framework\\src\\Illuminate\\Foundation\\Http\\Kernel.php(200): Illuminate\\Routing\\Router->dispatch(Object(Illuminate\\Http\\Request))
#44 D:\\TUGAS\\SEMESTER 3\\PENGEMBANGAN APLIKASI WEB\\Modul 15\\modul-15\\vendor\\laravel\\framework\\src\\Illuminate\\Pipeline\\Pipeline.php(144): Illuminate\\Foundation\\Http\\Kernel->Illuminate\\Foundation\\Http\\{closure}(Object(Illuminate\\Http\\Request))
#45 D:\\TUGAS\\SEMESTER 3\\PENGEMBANGAN APLIKASI WEB\\Modul 15\\modul-15\\vendor\\laravel\\framework\\src\\Illuminate\\Foundation\\Http\\Middleware\\TransformsRequest.php(21): Illuminate\\Pipeline\\Pipeline->Illuminate\\Pipeline\\{closure}(Object(Illuminate\\Http\\Request))
#46 D:\\TUGAS\\SEMESTER 3\\PENGEMBANGAN APLIKASI WEB\\Modul 15\\modul-15\\vendor\\laravel\\framework\\src\\Illuminate\\Foundation\\Http\\Middleware\\ConvertEmptyStringsToNull.php(31): Illuminate\\Foundation\\Http\\Middleware\\TransformsRequest->handle(Object(Illuminate\\Http\\Request), Object(Closure))
#47 D:\\TUGAS\\SEMESTER 3\\PENGEMBANGAN APLIKASI WEB\\Modul 15\\modul-15\\vendor\\laravel\\framework\\src\\Illuminate\\Pipeline\\Pipeline.php(183): Illuminate\\Foundation\\Http\\Middleware\\ConvertEmptyStringsToNull->handle(Object(Illuminate\\Http\\Request), Object(Closure))
#48 D:\\TUGAS\\SEMESTER 3\\PENGEMBANGAN APLIKASI WEB\\Modul 15\\modul-15\\vendor\\laravel\\framework\\src\\Illuminate\\Foundation\\Http\\Middleware\\TransformsRequest.php(21): Illuminate\\Pipeline\\Pipeline->Illuminate\\Pipeline\\{closure}(Object(Illuminate\\Http\\Request))
#49 D:\\TUGAS\\SEMESTER 3\\PENGEMBANGAN APLIKASI WEB\\Modul 15\\modul-15\\vendor\\laravel\\framework\\src\\Illuminate\\Foundation\\Http\\Middleware\\TrimStrings.php(40): Illuminate\\Foundation\\Http\\Middleware\\TransformsRequest->handle(Object(Illuminate\\Http\\Request), Object(Closure))
#50 D:\\TUGAS\\SEMESTER 3\\PENGEMBANGAN APLIKASI WEB\\Modul 15\\modul-15\\vendor\\laravel\\framework\\src\\Illuminate\\Pipeline\\Pipeline.php(183): Illuminate\\Foundation\\Http\\Middleware\\TrimStrings->handle(Object(Illuminate\\Http\\Request), Object(Closure))
#51 D:\\TUGAS\\SEMESTER 3\\PENGEMBANGAN APLIKASI WEB\\Modul 15\\modul-15\\vendor\\laravel\\framework\\src\\Illuminate\\Foundation\\Http\\Middleware\\ValidatePostSize.php(27): Illuminate\\Pipeline\\Pipeline->Illuminate\\Pipeline\\{closure}(Object(Illuminate\\Http\\Request))
#52 D:\\TUGAS\\SEMESTER 3\\PENGEMBANGAN APLIKASI WEB\\Modul 15\\modul-15\\vendor\\laravel\\framework\\src\\Illuminate\\Pipeline\\Pipeline.php(183): Illuminate\\Foundation\\Http\\Middleware\\ValidatePostSize->handle(Object(Illuminate\\Http\\Request), Object(Closure))
#53 D:\\TUGAS\\SEMESTER 3\\PENGEMBANGAN APLIKASI WEB\\Modul 15\\modul-15\\vendor\\laravel\\framework\\src\\Illuminate\\Foundation\\Http\\Middleware\\PreventRequestsDuringMaintenance.php(99): Illuminate\\Pipeline\\Pipeline->Illuminate\\Pipeline\\{closure}(Object(Illuminate\\Http\\Request))
#54 D:\\TUGAS\\SEMESTER 3\\PENGEMBANGAN APLIKASI WEB\\Modul 15\\modul-15\\vendor\\laravel\\framework\\src\\Illuminate\\Pipeline\\Pipeline.php(183): Illuminate\\Foundation\\Http\\Middleware\\PreventRequestsDuringMaintenance->handle(Object(Illuminate\\Http\\Request), Object(Closure))
#55 D:\\TUGAS\\SEMESTER 3\\PENGEMBANGAN APLIKASI WEB\\Modul 15\\modul-15\\vendor\\laravel\\framework\\src\\Illuminate\\Http\\Middleware\\HandleCors.php(49): Illuminate\\Pipeline\\Pipeline->Illuminate\\Pipeline\\{closure}(Object(Illuminate\\Http\\Request))
#56 D:\\TUGAS\\SEMESTER 3\\PENGEMBANGAN APLIKASI WEB\\Modul 15\\modul-15\\vendor\\laravel\\framework\\src\\Illuminate\\Pipeline\\Pipeline.php(183): Illuminate\\Http\\Middleware\\HandleCors->handle(Object(Illuminate\\Http\\Request), Object(Closure))
#57 D:\\TUGAS\\SEMESTER 3\\PENGEMBANGAN APLIKASI WEB\\Modul 15\\modul-15\\vendor\\laravel\\framework\\src\\Illuminate\\Http\\Middleware\\TrustProxies.php(39): Illuminate\\Pipeline\\Pipeline->Illuminate\\Pipeline\\{closure}(Object(Illuminate\\Http\\Request))
#58 D:\\TUGAS\\SEMESTER 3\\PENGEMBANGAN APLIKASI WEB\\Modul 15\\modul-15\\vendor\\laravel\\framework\\src\\Illuminate\\Pipeline\\Pipeline.php(183): Illuminate\\Http\\Middleware\\TrustProxies->handle(Object(Illuminate\\Http\\Request), Object(Closure))
#59 D:\\TUGAS\\SEMESTER 3\\PENGEMBANGAN APLIKASI WEB\\Modul 15\\modul-15\\vendor\\laravel\\framework\\src\\Illuminate\\Pipeline\\Pipeline.php(119): Illuminate\\Pipeline\\Pipeline->Illuminate\\Pipeline\\{closure}(Object(Illuminate\\Http\\Request))
#60 D:\\TUGAS\\SEMESTER 3\\PENGEMBANGAN APLIKASI WEB\\Modul 15\\modul-15\\vendor\\laravel\\framework\\src\\Illuminate\\Foundation\\Http\\Kernel.php(175): Illuminate\\Pipeline\\Pipeline->then(Object(Closure))
#61 D:\\TUGAS\\SEMESTER 3\\PENGEMBANGAN APLIKASI WEB\\Modul 15\\modul-15\\vendor\\laravel\\framework\\src\\Illuminate\\Foundation\\Http\\Kernel.php(144): Illuminate\\Foundation\\Http\\Kernel->sendRequestThroughRouter(Object(Illuminate\\Http\\Request))
#62 D:\\TUGAS\\SEMESTER 3\\PENGEMBANGAN APLIKASI WEB\\Modul 15\\modul-15\\public\\index.php(51): Illuminate\\Foundation\\Http\\Kernel->handle(Object(Illuminate\\Http\\Request))
#63 D:\\TUGAS\\SEMESTER 3\\PENGEMBANGAN APLIKASI WEB\\Modul 15\\modul-15\\vendor\\laravel\\framework\\src\\Illuminate\\Foundation\\resources\\server.php(16): require_once('D:\\\\TUGAS\\\\SEMEST...')
#64 {main}

[previous exception] [object] (PDOException(code: 2002): SQLSTATE[HY000] [2002] No connection could be made because the target machine actively refused it at D:\\TUGAS\\SEMESTER 3\\PENGEMBANGAN APLIKASI WEB\\Modul 15\\modul-15\\vendor\\laravel\\framework\\src\\Illuminate\\Database\\Connectors\\Connector.php:65)
[stacktrace]
#0 D:\\TUGAS\\SEMESTER 3\\PENGEMBANGAN APLIKASI WEB\\Modul 15\\modul-15\\vendor\\laravel\\framework\\src\\Illuminate\\Database\\Connectors\\Connector.php(65): PDO->__construct('mysql:host=127....', 'root', Object(SensitiveParameterValue), Array)
#1 D:\\TUGAS\\SEMESTER 3\\PENGEMBANGAN APLIKASI WEB\\Modul 15\\modul-15\\vendor\\laravel\\framework\\src\\Illuminate\\Database\\Connectors\\Connector.php(83): Illuminate\\Database\\Connectors\\Connector->createPdoConnection('mysql:host=127....', 'root', '', Array)
#2 D:\\TUGAS\\SEMESTER 3\\PENGEMBANGAN APLIKASI WEB\\Modul 15\\modul-15\\vendor\\laravel\\framework\\src\\Illuminate\\Database\\Connectors\\Connector.php(48): Illuminate\\Database\\Connectors\\Connector->tryAgainIfCausedByLostConnection(Object(PDOException), 'mysql:host=127....', 'root', '', Array)
#3 D:\\TUGAS\\SEMESTER 3\\PENGEMBANGAN APLIKASI WEB\\Modul 15\\modul-15\\vendor\\laravel\\framework\\src\\Illuminate\\Database\\Connectors\\MySqlConnector.php(24): Illuminate\\Database\\Connectors\\Connector->createConnection('mysql:host=127....', Array, Array)
#4 D:\\TUGAS\\SEMESTER 3\\PENGEMBANGAN APLIKASI WEB\\Modul 15\\modul-15\\vendor\\laravel\\framework\\src\\Illuminate\\Database\\Connectors\\ConnectionFactory.php(184): Illuminate\\Database\\Connectors\\MySqlConnector->connect(Array)
#5 [internal function]: Illuminate\\Database\\Connectors\\ConnectionFactory->Illuminate\\Database\\Connectors\\{closure}()
#6 D:\\TUGAS\\SEMESTER 3\\PENGEMBANGAN APLIKASI WEB\\Modul 15\\modul-15\\vendor\\laravel\\framework\\src\\Illuminate\\Database\\Connection.php(1339): call_user_func(Object(Closure))
#7 D:\\TUGAS\\SEMESTER 3\\PENGEMBANGAN APLIKASI WEB\\Modul 15\\modul-15\\vendor\\laravel\\framework\\src\\Illuminate\\Database\\Connection.php(528): Illuminate\\Database\\Connection->getPdo()
#8 D:\\TUGAS\\SEMESTER 3\\PENGEMBANGAN APLIKASI WEB\\Modul 15\\modul-15\\vendor\\laravel\\framework\\src\\Illuminate\\Database\\Connection.php(423): Illuminate\\Database\\Connection->getPdoForSelect(false)
#9 D:\\TUGAS\\SEMESTER 3\\PENGEMBANGAN APLIKASI WEB\\Modul 15\\modul-15\\vendor\\laravel\\framework\\src\\Illuminate\\Database\\Connection.php(816): Illuminate\\Database\\Connection->Illuminate\\Database\\{closure}('select count(*)...', Array)
#10 D:\\TUGAS\\SEMESTER 3\\PENGEMBANGAN APLIKASI WEB\\Modul 15\\modul-15\\vendor\\laravel\\framework\\src\\Illuminate\\Database\\Connection.php(983): Illuminate\\Database\\Connection->runQueryCallback('select count(*)...', Array, Object(Closure))
#11 D:\\TUGAS\\SEMESTER 3\\PENGEMBANGAN APLIKASI WEB\\Modul 15\\modul-15\\vendor\\laravel\\framework\\src\\Illuminate\\Database\\Connection.php(962): Illuminate\\Database\\Connection->tryAgainIfCausedByLostConnection(Object(Illuminate\\Database\\QueryException), 'select count(*)...', Array, Object(Closure))
#12 D:\\TUGAS\\SEMESTER 3\\PENGEMBANGAN APLIKASI WEB\\Modul 15\\modul-15\\vendor\\laravel\\framework\\src\\Illuminate\\Database\\Connection.php(785): Illuminate\\Database\\Connection->handleQueryException(Object(Illuminate\\Database\\QueryException), 'select count(*)...', Array, Object(Closure))
#13 D:\\TUGAS\\SEMESTER 3\\PENGEMBANGAN APLIKASI WEB\\Modul 15\\modul-15\\vendor\\laravel\\framework\\src\\Illuminate\\Database\\Connection.php(414): Illuminate\\Database\\Connection->run('select count(*)...', Array, Object(Closure))
#14 D:\\TUGAS\\SEMESTER 3\\PENGEMBANGAN APLIKASI WEB\\Modul 15\\modul-15\\vendor\\laravel\\framework\\src\\Illuminate\\Database\\Query\\Builder.php(2913): Illuminate\\Database\\Connection->select('select count(*)...', Array, false)
#15 D:\\TUGAS\\SEMESTER 3\\PENGEMBANGAN APLIKASI WEB\\Modul 15\\modul-15\\vendor\\laravel\\framework\\src\\Illuminate\\Database\\Query\\Builder.php(2902): Illuminate\\Database\\Query\\Builder->runSelect()
#16 D:\\TUGAS\\SEMESTER 3\\PENGEMBANGAN APLIKASI WEB\\Modul 15\\modul-15\\vendor\\laravel\\framework\\src\\Illuminate\\Database\\Query\\Builder.php(3456): Illuminate\\Database\\Query\\Builder->Illuminate\\Database\\Query\\{closure}()
#17 D:\\TUGAS\\SEMESTER 3\\PENGEMBANGAN APLIKASI WEB\\Modul 15\\modul-15\\vendor\\laravel\\framework\\src\\Illuminate\\Database\\Query\\Builder.php(2901): Illuminate\\Database\\Query\\Builder->onceWithColumns(Array, Object(Closure))
#18 D:\\TUGAS\\SEMESTER 3\\PENGEMBANGAN APLIKASI WEB\\Modul 15\\modul-15\\vendor\\laravel\\framework\\src\\Illuminate\\Database\\Query\\Builder.php(3383): Illuminate\\Database\\Query\\Builder->get(Array)
#19 D:\\TUGAS\\SEMESTER 3\\PENGEMBANGAN APLIKASI WEB\\Modul 15\\modul-15\\vendor\\laravel\\framework\\src\\Illuminate\\Database\\Query\\Builder.php(3311): Illuminate\\Database\\Query\\Builder->aggregate('count', Array)
#20 D:\\TUGAS\\SEMESTER 3\\PENGEMBANGAN APLIKASI WEB\\Modul 15\\modul-15\\vendor\\laravel\\framework\\src\\Illuminate\\Validation\\DatabasePresenceVerifier.php(54): Illuminate\\Database\\Query\\Builder->count()
#21 D:\\TUGAS\\SEMESTER 3\\PENGEMBANGAN APLIKASI WEB\\Modul 15\\modul-15\\vendor\\laravel\\framework\\src\\Illuminate\\Validation\\Concerns\\ValidatesAttributes.php(948): Illuminate\\Validation\\DatabasePresenceVerifier->getCount('users', 'email', 'wahyu70@gmail.c...', NULL, NULL, Array)
#22 D:\\TUGAS\\SEMESTER 3\\PENGEMBANGAN APLIKASI WEB\\Modul 15\\modul-15\\vendor\\laravel\\framework\\src\\Illuminate\\Validation\\Validator.php(658): Illuminate\\Validation\\Validator->validateUnique('email', 'wahyu70@gmail.c...', Array, Object(Illuminate\\Validation\\Validator))
#23 D:\\TUGAS\\SEMESTER 3\\PENGEMBANGAN APLIKASI WEB\\Modul 15\\modul-15\\vendor\\laravel\\framework\\src\\Illuminate\\Validation\\Validator.php(457): Illuminate\\Validation\\Validator->validateAttribute('email', 'Unique')
#24 D:\\TUGAS\\SEMESTER 3\\PENGEMBANGAN APLIKASI WEB\\Modul 15\\modul-15\\vendor\\laravel\\framework\\src\\Illuminate\\Validation\\Validator.php(492): Illuminate\\Validation\\Validator->passes()
#25 D:\\TUGAS\\SEMESTER 3\\PENGEMBANGAN APLIKASI WEB\\Modul 15\\modul-15\\vendor\\laravel\\framework\\src\\Illuminate\\Validation\\Validator.php(534): Illuminate\\Validation\\Validator->fails()
#26 D:\\TUGAS\\SEMESTER 3\\PENGEMBANGAN APLIKASI WEB\\Modul 15\\modul-15\\vendor\\laravel\\ui\\auth-backend\\RegistersUsers.php(32): Illuminate\\Validation\\Validator->validate()
#27 D:\\TUGAS\\SEMESTER 3\\PENGEMBANGAN APLIKASI WEB\\Modul 15\\modul-15\\vendor\\laravel\\framework\\src\\Illuminate\\Routing\\Controller.php(54): App\\Http\\Controllers\\Auth\\RegisterController->register(Object(Illuminate\\Http\\Request))
#28 D:\\TUGAS\\SEMESTER 3\\PENGEMBANGAN APLIKASI WEB\\Modul 15\\modul-15\\vendor\\laravel\\framework\\src\\Illuminate\\Routing\\ControllerDispatcher.php(43): Illuminate\\Routing\\Controller->callAction('register', Array)
#29 D:\\TUGAS\\SEMESTER 3\\PENGEMBANGAN APLIKASI WEB\\Modul 15\\modul-15\\vendor\\laravel\\framework\\src\\Illuminate\\Routing\\Route.php(259): Illuminate\\Routing\\ControllerDispatcher->dispatch(Object(Illuminate\\Routing\\Route), Object(App\\Http\\Controllers\\Auth\\RegisterController), 'register')
#30 D:\\TUGAS\\SEMESTER 3\\PENGEMBANGAN APLIKASI WEB\\Modul 15\\modul-15\\vendor\\laravel\\framework\\src\\Illuminate\\Routing\\Route.php(205): Illuminate\\Routing\\Route->runController()
#31 D:\\TUGAS\\SEMESTER 3\\PENGEMBANGAN APLIKASI WEB\\Modul 15\\modul-15\\vendor\\laravel\\framework\\src\\Illuminate\\Routing\\Router.php(806): Illuminate\\Routing\\Route->run()
#32 D:\\TUGAS\\SEMESTER 3\\PENGEMBANGAN APLIKASI WEB\\Modul 15\\modul-15\\vendor\\laravel\\framework\\src\\Illuminate\\Pipeline\\Pipeline.php(144): Illuminate\\Routing\\Router->Illuminate\\Routing\\{closure}(Object(Illuminate\\Http\\Request))
#33 D:\\TUGAS\\SEMESTER 3\\PENGEMBANGAN APLIKASI WEB\\Modul 15\\modul-15\\app\\Http\\Middleware\\RedirectIfAuthenticated.php(28): Illuminate\\Pipeline\\Pipeline->Illuminate\\Pipeline\\{closure}(Object(Illuminate\\Http\\Request))
#34 D:\\TUGAS\\SEMESTER 3\\PENGEMBANGAN APLIKASI WEB\\Modul 15\\modul-15\\vendor\\laravel\\framework\\src\\Illuminate\\Pipeline\\Pipeline.php(183): App\\Http\\Middleware\\RedirectIfAuthenticated->handle(Object(Illuminate\\Http\\Request), Object(Closure))
#35 D:\\TUGAS\\SEMESTER 3\\PENGEMBANGAN APLIKASI WEB\\Modul 15\\modul-15\\vendor\\laravel\\framework\\src\\Illuminate\\Routing\\Middleware\\SubstituteBindings.php(50): Illuminate\\Pipeline\\Pipeline->Illuminate\\Pipeline\\{closure}(Object(Illuminate\\Http\\Request))
#36 D:\\TUGAS\\SEMESTER 3\\PENGEMBANGAN APLIKASI WEB\\Modul 15\\modul-15\\vendor\\laravel\\framework\\src\\Illuminate\\Pipeline\\Pipeline.php(183): Illuminate\\Routing\\Middleware\\SubstituteBindings->handle(Object(Illuminate\\Http\\Request), Object(Closure))
#37 D:\\TUGAS\\SEMESTER 3\\PENGEMBANGAN APLIKASI WEB\\Modul 15\\modul-15\\vendor\\laravel\\framework\\src\\Illuminate\\Foundation\\Http\\Middleware\\VerifyCsrfToken.php(78): Illuminate\\Pipeline\\Pipeline->Illuminate\\Pipeline\\{closure}(Object(Illuminate\\Http\\Request))
#38 D:\\TUGAS\\SEMESTER 3\\PENGEMBANGAN APLIKASI WEB\\Modul 15\\modul-15\\vendor\\laravel\\framework\\src\\Illuminate\\Pipeline\\Pipeline.php(183): Illuminate\\Foundation\\Http\\Middleware\\VerifyCsrfToken->handle(Object(Illuminate\\Http\\Request), Object(Closure))
#39 D:\\TUGAS\\SEMESTER 3\\PENGEMBANGAN APLIKASI WEB\\Modul 15\\modul-15\\vendor\\laravel\\framework\\src\\Illuminate\\View\\Middleware\\ShareErrorsFromSession.php(49): Illuminate\\Pipeline\\Pipeline->Illuminate\\Pipeline\\{closure}(Object(Illuminate\\Http\\Request))
#40 D:\\TUGAS\\SEMESTER 3\\PENGEMBANGAN APLIKASI WEB\\Modul 15\\modul-15\\vendor\\laravel\\framework\\src\\Illuminate\\Pipeline\\Pipeline.php(183): Illuminate\\View\\Middleware\\ShareErrorsFromSession->handle(Object(Illuminate\\Http\\Request), Object(Closure))
#41 D:\\TUGAS\\SEMESTER 3\\PENGEMBANGAN APLIKASI WEB\\Modul 15\\modul-15\\vendor\\laravel\\framework\\src\\Illuminate\\Session\\Middleware\\StartSession.php(121): Illuminate\\Pipeline\\Pipeline->Illuminate\\Pipeline\\{closure}(Object(Illuminate\\Http\\Request))
#42 D:\\TUGAS\\SEMESTER 3\\PENGEMBANGAN APLIKASI WEB\\Modul 15\\modul-15\\vendor\\laravel\\framework\\src\\Illuminate\\Session\\Middleware\\StartSession.php(64): Illuminate\\Session\\Middleware\\StartSession->handleStatefulRequest(Object(Illuminate\\Http\\Request), Object(Illuminate\\Session\\Store), Object(Closure))
#43 D:\\TUGAS\\SEMESTER 3\\PENGEMBANGAN APLIKASI WEB\\Modul 15\\modul-15\\vendor\\laravel\\framework\\src\\Illuminate\\Pipeline\\Pipeline.php(183): Illuminate\\Session\\Middleware\\StartSession->handle(Object(Illuminate\\Http\\Request), Object(Closure))
#44 D:\\TUGAS\\SEMESTER 3\\PENGEMBANGAN APLIKASI WEB\\Modul 15\\modul-15\\vendor\\laravel\\framework\\src\\Illuminate\\Cookie\\Middleware\\AddQueuedCookiesToResponse.php(37): Illuminate\\Pipeline\\Pipeline->Illuminate\\Pipeline\\{closure}(Object(Illuminate\\Http\\Request))
#45 D:\\TUGAS\\SEMESTER 3\\PENGEMBANGAN APLIKASI WEB\\Modul 15\\modul-15\\vendor\\laravel\\framework\\src\\Illuminate\\Pipeline\\Pipeline.php(183): Illuminate\\Cookie\\Middleware\\AddQueuedCookiesToResponse->handle(Object(Illuminate\\Http\\Request), Object(Closure))
#46 D:\\TUGAS\\SEMESTER 3\\PENGEMBANGAN APLIKASI WEB\\Modul 15\\modul-15\\vendor\\laravel\\framework\\src\\Illuminate\\Cookie\\Middleware\\EncryptCookies.php(67): Illuminate\\Pipeline\\Pipeline->Illuminate\\Pipeline\\{closure}(Object(Illuminate\\Http\\Request))
#47 D:\\TUGAS\\SEMESTER 3\\PENGEMBANGAN APLIKASI WEB\\Modul 15\\modul-15\\vendor\\laravel\\framework\\src\\Illuminate\\Pipeline\\Pipeline.php(183): Illuminate\\Cookie\\Middleware\\EncryptCookies->handle(Object(Illuminate\\Http\\Request), Object(Closure))
#48 D:\\TUGAS\\SEMESTER 3\\PENGEMBANGAN APLIKASI WEB\\Modul 15\\modul-15\\vendor\\laravel\\framework\\src\\Illuminate\\Pipeline\\Pipeline.php(119): Illuminate\\Pipeline\\Pipeline->Illuminate\\Pipeline\\{closure}(Object(Illuminate\\Http\\Request))
#49 D:\\TUGAS\\SEMESTER 3\\PENGEMBANGAN APLIKASI WEB\\Modul 15\\modul-15\\vendor\\laravel\\framework\\src\\Illuminate\\Routing\\Router.php(805): Illuminate\\Pipeline\\Pipeline->then(Object(Closure))
#50 D:\\TUGAS\\SEMESTER 3\\PENGEMBANGAN APLIKASI WEB\\Modul 15\\modul-15\\vendor\\laravel\\framework\\src\\Illuminate\\Routing\\Router.php(784): Illuminate\\Routing\\Router->runRouteWithinStack(Object(Illuminate\\Routing\\Route), Object(Illuminate\\Http\\Request))
#51 D:\\TUGAS\\SEMESTER 3\\PENGEMBANGAN APLIKASI WEB\\Modul 15\\modul-15\\vendor\\laravel\\framework\\src\\Illuminate\\Routing\\Router.php(748): Illuminate\\Routing\\Router->runRoute(Object(Illuminate\\Http\\Request), Object(Illuminate\\Routing\\Route))
#52 D:\\TUGAS\\SEMESTER 3\\PENGEMBANGAN APLIKASI WEB\\Modul 15\\modul-15\\vendor\\laravel\\framework\\src\\Illuminate\\Routing\\Router.php(737): Illuminate\\Routing\\Router->dispatchToRoute(Object(Illuminate\\Http\\Request))
#53 D:\\TUGAS\\SEMESTER 3\\PENGEMBANGAN APLIKASI WEB\\Modul 15\\modul-15\\vendor\\laravel\\framework\\src\\Illuminate\\Foundation\\Http\\Kernel.php(200): Illuminate\\Routing\\Router->dispatch(Object(Illuminate\\Http\\Request))
#54 D:\\TUGAS\\SEMESTER 3\\PENGEMBANGAN APLIKASI WEB\\Modul 15\\modul-15\\vendor\\laravel\\framework\\src\\Illuminate\\Pipeline\\Pipeline.php(144): Illuminate\\Foundation\\Http\\Kernel->Illuminate\\Foundation\\Http\\{closure}(Object(Illuminate\\Http\\Request))
#55 D:\\TUGAS\\SEMESTER 3\\PENGEMBANGAN APLIKASI WEB\\Modul 15\\modul-15\\vendor\\laravel\\framework\\src\\Illuminate\\Foundation\\Http\\Middleware\\TransformsRequest.php(21): Illuminate\\Pipeline\\Pipeline->Illuminate\\Pipeline\\{closure}(Object(Illuminate\\Http\\Request))
#56 D:\\TUGAS\\SEMESTER 3\\PENGEMBANGAN APLIKASI WEB\\Modul 15\\modul-15\\vendor\\laravel\\framework\\src\\Illuminate\\Foundation\\Http\\Middleware\\ConvertEmptyStringsToNull.php(31): Illuminate\\Foundation\\Http\\Middleware\\TransformsRequest->handle(Object(Illuminate\\Http\\Request), Object(Closure))
#57 D:\\TUGAS\\SEMESTER 3\\PENGEMBANGAN APLIKASI WEB\\Modul 15\\modul-15\\vendor\\laravel\\framework\\src\\Illuminate\\Pipeline\\Pipeline.php(183): Illuminate\\Foundation\\Http\\Middleware\\ConvertEmptyStringsToNull->handle(Object(Illuminate\\Http\\Request), Object(Closure))
#58 D:\\TUGAS\\SEMESTER 3\\PENGEMBANGAN APLIKASI WEB\\Modul 15\\modul-15\\vendor\\laravel\\framework\\src\\Illuminate\\Foundation\\Http\\Middleware\\TransformsRequest.php(21): Illuminate\\Pipeline\\Pipeline->Illuminate\\Pipeline\\{closure}(Object(Illuminate\\Http\\Request))
#59 D:\\TUGAS\\SEMESTER 3\\PENGEMBANGAN APLIKASI WEB\\Modul 15\\modul-15\\vendor\\laravel\\framework\\src\\Illuminate\\Foundation\\Http\\Middleware\\TrimStrings.php(40): Illuminate\\Foundation\\Http\\Middleware\\TransformsRequest->handle(Object(Illuminate\\Http\\Request), Object(Closure))
#60 D:\\TUGAS\\SEMESTER 3\\PENGEMBANGAN APLIKASI WEB\\Modul 15\\modul-15\\vendor\\laravel\\framework\\src\\Illuminate\\Pipeline\\Pipeline.php(183): Illuminate\\Foundation\\Http\\Middleware\\TrimStrings->handle(Object(Illuminate\\Http\\Request), Object(Closure))
#61 D:\\TUGAS\\SEMESTER 3\\PENGEMBANGAN APLIKASI WEB\\Modul 15\\modul-15\\vendor\\laravel\\framework\\src\\Illuminate\\Foundation\\Http\\Middleware\\ValidatePostSize.php(27): Illuminate\\Pipeline\\Pipeline->Illuminate\\Pipeline\\{closure}(Object(Illuminate\\Http\\Request))
#62 D:\\TUGAS\\SEMESTER 3\\PENGEMBANGAN APLIKASI WEB\\Modul 15\\modul-15\\vendor\\laravel\\framework\\src\\Illuminate\\Pipeline\\Pipeline.php(183): Illuminate\\Foundation\\Http\\Middleware\\ValidatePostSize->handle(Object(Illuminate\\Http\\Request), Object(Closure))
#63 D:\\TUGAS\\SEMESTER 3\\PENGEMBANGAN APLIKASI WEB\\Modul 15\\modul-15\\vendor\\laravel\\framework\\src\\Illuminate\\Foundation\\Http\\Middleware\\PreventRequestsDuringMaintenance.php(99): Illuminate\\Pipeline\\Pipeline->Illuminate\\Pipeline\\{closure}(Object(Illuminate\\Http\\Request))
#64 D:\\TUGAS\\SEMESTER 3\\PENGEMBANGAN APLIKASI WEB\\Modul 15\\modul-15\\vendor\\laravel\\framework\\src\\Illuminate\\Pipeline\\Pipeline.php(183): Illuminate\\Foundation\\Http\\Middleware\\PreventRequestsDuringMaintenance->handle(Object(Illuminate\\Http\\Request), Object(Closure))
#65 D:\\TUGAS\\SEMESTER 3\\PENGEMBANGAN APLIKASI WEB\\Modul 15\\modul-15\\vendor\\laravel\\framework\\src\\Illuminate\\Http\\Middleware\\HandleCors.php(49): Illuminate\\Pipeline\\Pipeline->Illuminate\\Pipeline\\{closure}(Object(Illuminate\\Http\\Request))
#66 D:\\TUGAS\\SEMESTER 3\\PENGEMBANGAN APLIKASI WEB\\Modul 15\\modul-15\\vendor\\laravel\\framework\\src\\Illuminate\\Pipeline\\Pipeline.php(183): Illuminate\\Http\\Middleware\\HandleCors->handle(Object(Illuminate\\Http\\Request), Object(Closure))
#67 D:\\TUGAS\\SEMESTER 3\\PENGEMBANGAN APLIKASI WEB\\Modul 15\\modul-15\\vendor\\laravel\\framework\\src\\Illuminate\\Http\\Middleware\\TrustProxies.php(39): Illuminate\\Pipeline\\Pipeline->Illuminate\\Pipeline\\{closure}(Object(Illuminate\\Http\\Request))
#68 D:\\TUGAS\\SEMESTER 3\\PENGEMBANGAN APLIKASI WEB\\Modul 15\\modul-15\\vendor\\laravel\\framework\\src\\Illuminate\\Pipeline\\Pipeline.php(183): Illuminate\\Http\\Middleware\\TrustProxies->handle(Object(Illuminate\\Http\\Request), Object(Closure))
#69 D:\\TUGAS\\SEMESTER 3\\PENGEMBANGAN APLIKASI WEB\\Modul 15\\modul-15\\vendor\\laravel\\framework\\src\\Illuminate\\Pipeline\\Pipeline.php(119): Illuminate\\Pipeline\\Pipeline->Illuminate\\Pipeline\\{closure}(Object(Illuminate\\Http\\Request))
#70 D:\\TUGAS\\SEMESTER 3\\PENGEMBANGAN APLIKASI WEB\\Modul 15\\modul-15\\vendor\\laravel\\framework\\src\\Illuminate\\Foundation\\Http\\Kernel.php(175): Illuminate\\Pipeline\\Pipeline->then(Object(Closure))
#71 D:\\TUGAS\\SEMESTER 3\\PENGEMBANGAN APLIKASI WEB\\Modul 15\\modul-15\\vendor\\laravel\\framework\\src\\Illuminate\\Foundation\\Http\\Kernel.php(144): Illuminate\\Foundation\\Http\\Kernel->sendRequestThroughRouter(Object(Illuminate\\Http\\Request))
#72 D:\\TUGAS\\SEMESTER 3\\PENGEMBANGAN APLIKASI WEB\\Modul 15\\modul-15\\public\\index.php(51): Illuminate\\Foundation\\Http\\Kernel->handle(Object(Illuminate\\Http\\Request))
#73 D:\\TUGAS\\SEMESTER 3\\PENGEMBANGAN APLIKASI WEB\\Modul 15\\modul-15\\vendor\\laravel\\framework\\src\\Illuminate\\Foundation\\resources\\server.php(16): require_once('D:\\\\TUGAS\\\\SEMEST...')
#74 {main}
"} 
